2014/08/05 16:25:53 [error] [exception.CException] exception 'CException' with message 'Property "CUrlManager.ShowScriptName" is not defined.' in C:\yii\framework\base\CComponent.php:173
Stack trace:
#0 C:\yii\framework\YiiBase.php(220): CComponent->__set('ShowScriptName', false)
#1 C:\yii\framework\base\CModule.php(386): YiiBase::createComponent(Array)
#2 C:\yii\framework\base\CApplication.php(522): CModule->getComponent('urlManager')
#3 C:\yii\framework\web\CWebApplication.php(140): CApplication->getUrlManager()
#4 C:\yii\framework\base\CApplication.php(180): CWebApplication->processRequest()
#5 C:\wamp\www\proyecto_boot\index.php(13): CApplication->run()
#6 {main}
REQUEST_URI=/proyecto_boot/index.php
---
2014/08/05 16:30:54 [error] [exception.CException] exception 'CException' with message 'Property "CUrlManager.ShowScriptName" is not defined.' in C:\yii\framework\base\CComponent.php:173
Stack trace:
#0 C:\yii\framework\YiiBase.php(220): CComponent->__set('ShowScriptName', false)
#1 C:\yii\framework\base\CModule.php(386): YiiBase::createComponent(Array)
#2 C:\yii\framework\base\CApplication.php(522): CModule->getComponent('urlManager')
#3 C:\yii\framework\web\CWebApplication.php(140): CApplication->getUrlManager()
#4 C:\yii\framework\base\CApplication.php(180): CWebApplication->processRequest()
#5 C:\wamp\www\proyecto_boot\index.php(13): CApplication->run()
#6 {main}
REQUEST_URI=/proyecto_boot/index.php
---
2014/08/05 16:30:58 [error] [exception.CException] exception 'CException' with message 'Property "CUrlManager.ShowScriptName" is not defined.' in C:\yii\framework\base\CComponent.php:173
Stack trace:
#0 C:\yii\framework\YiiBase.php(220): CComponent->__set('ShowScriptName', false)
#1 C:\yii\framework\base\CModule.php(386): YiiBase::createComponent(Array)
#2 C:\yii\framework\base\CApplication.php(522): CModule->getComponent('urlManager')
#3 C:\yii\framework\web\CWebApplication.php(140): CApplication->getUrlManager()
#4 C:\yii\framework\base\CApplication.php(180): CWebApplication->processRequest()
#5 C:\wamp\www\proyecto_boot\index.php(13): CApplication->run()
#6 {main}
REQUEST_URI=/proyecto_boot/index.php
---
2014/08/05 16:30:58 [error] [exception.CException] exception 'CException' with message 'Property "CUrlManager.ShowScriptName" is not defined.' in C:\yii\framework\base\CComponent.php:173
Stack trace:
#0 C:\yii\framework\YiiBase.php(220): CComponent->__set('ShowScriptName', false)
#1 C:\yii\framework\base\CModule.php(386): YiiBase::createComponent(Array)
#2 C:\yii\framework\base\CApplication.php(522): CModule->getComponent('urlManager')
#3 C:\yii\framework\web\CWebApplication.php(140): CApplication->getUrlManager()
#4 C:\yii\framework\base\CApplication.php(180): CWebApplication->processRequest()
#5 C:\wamp\www\proyecto_boot\index.php(13): CApplication->run()
#6 {main}
REQUEST_URI=/proyecto_boot/index.php
---
2014/08/05 16:31:50 [error] [exception.CException] exception 'CException' with message 'Property "CUrlManager.ShowScriptName" is not defined.' in C:\yii\framework\base\CComponent.php:173
Stack trace:
#0 C:\yii\framework\YiiBase.php(220): CComponent->__set('ShowScriptName', false)
#1 C:\yii\framework\base\CModule.php(386): YiiBase::createComponent(Array)
#2 C:\yii\framework\base\CApplication.php(522): CModule->getComponent('urlManager')
#3 C:\yii\framework\web\CWebApplication.php(140): CApplication->getUrlManager()
#4 C:\yii\framework\base\CApplication.php(180): CWebApplication->processRequest()
#5 C:\wamp\www\proyecto_boot\index.php(13): CApplication->run()
#6 {main}
REQUEST_URI=/proyecto_boot/index.php
---
2014/08/05 16:31:51 [error] [exception.CException] exception 'CException' with message 'Property "CUrlManager.ShowScriptName" is not defined.' in C:\yii\framework\base\CComponent.php:173
Stack trace:
#0 C:\yii\framework\YiiBase.php(220): CComponent->__set('ShowScriptName', false)
#1 C:\yii\framework\base\CModule.php(386): YiiBase::createComponent(Array)
#2 C:\yii\framework\base\CApplication.php(522): CModule->getComponent('urlManager')
#3 C:\yii\framework\web\CWebApplication.php(140): CApplication->getUrlManager()
#4 C:\yii\framework\base\CApplication.php(180): CWebApplication->processRequest()
#5 C:\wamp\www\proyecto_boot\index.php(13): CApplication->run()
#6 {main}
REQUEST_URI=/proyecto_boot/index.php
---
2014/08/05 16:31:51 [error] [exception.CException] exception 'CException' with message 'Property "CUrlManager.ShowScriptName" is not defined.' in C:\yii\framework\base\CComponent.php:173
Stack trace:
#0 C:\yii\framework\YiiBase.php(220): CComponent->__set('ShowScriptName', false)
#1 C:\yii\framework\base\CModule.php(386): YiiBase::createComponent(Array)
#2 C:\yii\framework\base\CApplication.php(522): CModule->getComponent('urlManager')
#3 C:\yii\framework\web\CWebApplication.php(140): CApplication->getUrlManager()
#4 C:\yii\framework\base\CApplication.php(180): CWebApplication->processRequest()
#5 C:\wamp\www\proyecto_boot\index.php(13): CApplication->run()
#6 {main}
REQUEST_URI=/proyecto_boot/index.php
---
2014/08/05 16:37:00 [error] [system.db.CDbCommand] CDbCommand::() failed: SQLSTATE[42000]: Syntax error or access violation: 1064 You have an error in your SQL syntax; check the manual that corresponds to your MySQL server version for the right syntax to use near '='test1' ANDpassword='pass1' AND activo=1' at line 1. The SQL statement executed was: SELECT username, password FROM tbl_userWHERE username='test1' ANDpassword='pass1' AND activo=1.
in C:\wamp\www\proyecto_boot\protected\components\UserIdentity.php (31)
in C:\wamp\www\proyecto_boot\protected\models\LoginForm.php (52)
in C:\wamp\www\proyecto_boot\protected\controllers\SiteController.php (94)
2014/08/05 16:37:00 [error] [exception.CDbException] exception 'CDbException' with message 'CDbCommand failed to execute the SQL statement: SQLSTATE[42000]: Syntax error or access violation: 1064 You have an error in your SQL syntax; check the manual that corresponds to your MySQL server version for the right syntax to use near '='test1' ANDpassword='pass1' AND activo=1' at line 1. The SQL statement executed was: SELECT username, password FROM tbl_userWHERE username='test1' ANDpassword='pass1' AND activo=1' in C:\yii\framework\db\CDbCommand.php:543
Stack trace:
#0 C:\yii\framework\db\CDbCommand.php(377): CDbCommand->queryInternal('', 0, Array)
#1 C:\wamp\www\proyecto_boot\protected\components\UserIdentity.php(31): CDbCommand->query()
#2 C:\wamp\www\proyecto_boot\protected\models\LoginForm.php(52): UserIdentity->authenticate()
#3 C:\yii\framework\validators\CInlineValidator.php(42): LoginForm->authenticate('password', Array)
#4 C:\yii\framework\validators\CValidator.php(213): CInlineValidator->validateAttribute(Object(LoginForm), 'password')
#5 C:\yii\framework\base\CModel.php(159): CValidator->validate(Object(LoginForm), NULL)
#6 C:\wamp\www\proyecto_boot\protected\controllers\SiteController.php(94): CModel->validate()
#7 C:\yii\framework\web\actions\CInlineAction.php(49): SiteController->actionLogin()
#8 C:\yii\framework\web\CController.php(308): CInlineAction->runWithParams(Array)
#9 C:\yii\framework\web\CController.php(286): CController->runAction(Object(CInlineAction))
#10 C:\yii\framework\web\CController.php(265): CController->runActionWithFilters(Object(CInlineAction), Array)
#11 C:\yii\framework\web\CWebApplication.php(282): CController->run('login')
#12 C:\yii\framework\web\CWebApplication.php(141): CWebApplication->runController('site/login')
#13 C:\yii\framework\base\CApplication.php(180): CWebApplication->processRequest()
#14 C:\wamp\www\proyecto_boot\index.php(13): CApplication->run()
#15 {main}
REQUEST_URI=/proyecto_boot/index.php/site/login
HTTP_REFERER=http://localhost/proyecto_boot/index.php/site/login
---
2014/08/05 16:37:30 [error] [system.db.CDbCommand] CDbCommand::() failed: SQLSTATE[42000]: Syntax error or access violation: 1064 You have an error in your SQL syntax; check the manual that corresponds to your MySQL server version for the right syntax to use near '='test1' ANDpassword='pass1' AND activo=1' at line 1. The SQL statement executed was: SELECT username, password FROM tbl_userWHERE username='test1' ANDpassword='pass1' AND activo=1.
in C:\wamp\www\proyecto_boot\protected\components\UserIdentity.php (31)
in C:\wamp\www\proyecto_boot\protected\models\LoginForm.php (52)
in C:\wamp\www\proyecto_boot\protected\controllers\SiteController.php (94)
2014/08/05 16:37:30 [error] [exception.CDbException] exception 'CDbException' with message 'CDbCommand failed to execute the SQL statement: SQLSTATE[42000]: Syntax error or access violation: 1064 You have an error in your SQL syntax; check the manual that corresponds to your MySQL server version for the right syntax to use near '='test1' ANDpassword='pass1' AND activo=1' at line 1. The SQL statement executed was: SELECT username, password FROM tbl_userWHERE username='test1' ANDpassword='pass1' AND activo=1' in C:\yii\framework\db\CDbCommand.php:543
Stack trace:
#0 C:\yii\framework\db\CDbCommand.php(377): CDbCommand->queryInternal('', 0, Array)
#1 C:\wamp\www\proyecto_boot\protected\components\UserIdentity.php(31): CDbCommand->query()
#2 C:\wamp\www\proyecto_boot\protected\models\LoginForm.php(52): UserIdentity->authenticate()
#3 C:\yii\framework\validators\CInlineValidator.php(42): LoginForm->authenticate('password', Array)
#4 C:\yii\framework\validators\CValidator.php(213): CInlineValidator->validateAttribute(Object(LoginForm), 'password')
#5 C:\yii\framework\base\CModel.php(159): CValidator->validate(Object(LoginForm), NULL)
#6 C:\wamp\www\proyecto_boot\protected\controllers\SiteController.php(94): CModel->validate()
#7 C:\yii\framework\web\actions\CInlineAction.php(49): SiteController->actionLogin()
#8 C:\yii\framework\web\CController.php(308): CInlineAction->runWithParams(Array)
#9 C:\yii\framework\web\CController.php(286): CController->runAction(Object(CInlineAction))
#10 C:\yii\framework\web\CController.php(265): CController->runActionWithFilters(Object(CInlineAction), Array)
#11 C:\yii\framework\web\CWebApplication.php(282): CController->run('login')
#12 C:\yii\framework\web\CWebApplication.php(141): CWebApplication->runController('site/login')
#13 C:\yii\framework\base\CApplication.php(180): CWebApplication->processRequest()
#14 C:\wamp\www\proyecto_boot\index.php(13): CApplication->run()
#15 {main}
REQUEST_URI=/proyecto_boot/index.php/site/login
HTTP_REFERER=http://localhost/proyecto_boot/index.php/site/login
---
2014/08/05 16:37:40 [error] [system.db.CDbCommand] CDbCommand::() failed: SQLSTATE[42000]: Syntax error or access violation: 1064 You have an error in your SQL syntax; check the manual that corresponds to your MySQL server version for the right syntax to use near '='test1' ANDpassword='pass1' AND activo=1' at line 1. The SQL statement executed was: SELECT username, password FROM tbl_userWHERE username='test1' ANDpassword='pass1' AND activo=1.
in C:\wamp\www\proyecto_boot\protected\components\UserIdentity.php (31)
in C:\wamp\www\proyecto_boot\protected\models\LoginForm.php (52)
in C:\wamp\www\proyecto_boot\protected\controllers\SiteController.php (94)
2014/08/05 16:37:40 [error] [exception.CDbException] exception 'CDbException' with message 'CDbCommand failed to execute the SQL statement: SQLSTATE[42000]: Syntax error or access violation: 1064 You have an error in your SQL syntax; check the manual that corresponds to your MySQL server version for the right syntax to use near '='test1' ANDpassword='pass1' AND activo=1' at line 1. The SQL statement executed was: SELECT username, password FROM tbl_userWHERE username='test1' ANDpassword='pass1' AND activo=1' in C:\yii\framework\db\CDbCommand.php:543
Stack trace:
#0 C:\yii\framework\db\CDbCommand.php(377): CDbCommand->queryInternal('', 0, Array)
#1 C:\wamp\www\proyecto_boot\protected\components\UserIdentity.php(31): CDbCommand->query()
#2 C:\wamp\www\proyecto_boot\protected\models\LoginForm.php(52): UserIdentity->authenticate()
#3 C:\yii\framework\validators\CInlineValidator.php(42): LoginForm->authenticate('password', Array)
#4 C:\yii\framework\validators\CValidator.php(213): CInlineValidator->validateAttribute(Object(LoginForm), 'password')
#5 C:\yii\framework\base\CModel.php(159): CValidator->validate(Object(LoginForm), NULL)
#6 C:\wamp\www\proyecto_boot\protected\controllers\SiteController.php(94): CModel->validate()
#7 C:\yii\framework\web\actions\CInlineAction.php(49): SiteController->actionLogin()
#8 C:\yii\framework\web\CController.php(308): CInlineAction->runWithParams(Array)
#9 C:\yii\framework\web\CController.php(286): CController->runAction(Object(CInlineAction))
#10 C:\yii\framework\web\CController.php(265): CController->runActionWithFilters(Object(CInlineAction), Array)
#11 C:\yii\framework\web\CWebApplication.php(282): CController->run('login')
#12 C:\yii\framework\web\CWebApplication.php(141): CWebApplication->runController('site/login')
#13 C:\yii\framework\base\CApplication.php(180): CWebApplication->processRequest()
#14 C:\wamp\www\proyecto_boot\index.php(13): CApplication->run()
#15 {main}
REQUEST_URI=/proyecto_boot/index.php/site/login
HTTP_REFERER=http://localhost/proyecto_boot/index.php/site/login
---
2014/08/05 16:38:09 [error] [system.db.CDbCommand] CDbCommand::() failed: SQLSTATE[42000]: Syntax error or access violation: 1064 You have an error in your SQL syntax; check the manual that corresponds to your MySQL server version for the right syntax to use near '='test1' ANDpassword='pass1' AND activo=1' at line 1. The SQL statement executed was: SELECT username, password FROM tbl_userWHERE username='test1' ANDpassword='pass1' AND activo=1.
in C:\wamp\www\proyecto_boot\protected\components\UserIdentity.php (31)
in C:\wamp\www\proyecto_boot\protected\models\LoginForm.php (52)
in C:\wamp\www\proyecto_boot\protected\controllers\SiteController.php (94)
2014/08/05 16:38:09 [error] [exception.CDbException] exception 'CDbException' with message 'CDbCommand failed to execute the SQL statement: SQLSTATE[42000]: Syntax error or access violation: 1064 You have an error in your SQL syntax; check the manual that corresponds to your MySQL server version for the right syntax to use near '='test1' ANDpassword='pass1' AND activo=1' at line 1. The SQL statement executed was: SELECT username, password FROM tbl_userWHERE username='test1' ANDpassword='pass1' AND activo=1' in C:\yii\framework\db\CDbCommand.php:543
Stack trace:
#0 C:\yii\framework\db\CDbCommand.php(377): CDbCommand->queryInternal('', 0, Array)
#1 C:\wamp\www\proyecto_boot\protected\components\UserIdentity.php(31): CDbCommand->query()
#2 C:\wamp\www\proyecto_boot\protected\models\LoginForm.php(52): UserIdentity->authenticate()
#3 C:\yii\framework\validators\CInlineValidator.php(42): LoginForm->authenticate('password', Array)
#4 C:\yii\framework\validators\CValidator.php(213): CInlineValidator->validateAttribute(Object(LoginForm), 'password')
#5 C:\yii\framework\base\CModel.php(159): CValidator->validate(Object(LoginForm), NULL)
#6 C:\wamp\www\proyecto_boot\protected\controllers\SiteController.php(94): CModel->validate()
#7 C:\yii\framework\web\actions\CInlineAction.php(49): SiteController->actionLogin()
#8 C:\yii\framework\web\CController.php(308): CInlineAction->runWithParams(Array)
#9 C:\yii\framework\web\CController.php(286): CController->runAction(Object(CInlineAction))
#10 C:\yii\framework\web\CController.php(265): CController->runActionWithFilters(Object(CInlineAction), Array)
#11 C:\yii\framework\web\CWebApplication.php(282): CController->run('login')
#12 C:\yii\framework\web\CWebApplication.php(141): CWebApplication->runController('site/login')
#13 C:\yii\framework\base\CApplication.php(180): CWebApplication->processRequest()
#14 C:\wamp\www\proyecto_boot\index.php(13): CApplication->run()
#15 {main}
REQUEST_URI=/proyecto_boot/index.php/site/login
HTTP_REFERER=http://localhost/proyecto_boot/index.php/site/login
---
2014/08/05 16:38:38 [error] [system.db.CDbCommand] CDbCommand::() failed: SQLSTATE[42000]: Syntax error or access violation: 1064 You have an error in your SQL syntax; check the manual that corresponds to your MySQL server version for the right syntax to use near '='test1' AND password='pass1' AND activo=1' at line 1. The SQL statement executed was: SELECT username, password FROM tbl_userWHERE username='test1' AND password='pass1' AND activo=1.
in C:\wamp\www\proyecto_boot\protected\components\UserIdentity.php (31)
in C:\wamp\www\proyecto_boot\protected\models\LoginForm.php (52)
in C:\wamp\www\proyecto_boot\protected\controllers\SiteController.php (94)
2014/08/05 16:38:38 [error] [exception.CDbException] exception 'CDbException' with message 'CDbCommand failed to execute the SQL statement: SQLSTATE[42000]: Syntax error or access violation: 1064 You have an error in your SQL syntax; check the manual that corresponds to your MySQL server version for the right syntax to use near '='test1' AND password='pass1' AND activo=1' at line 1. The SQL statement executed was: SELECT username, password FROM tbl_userWHERE username='test1' AND password='pass1' AND activo=1' in C:\yii\framework\db\CDbCommand.php:543
Stack trace:
#0 C:\yii\framework\db\CDbCommand.php(377): CDbCommand->queryInternal('', 0, Array)
#1 C:\wamp\www\proyecto_boot\protected\components\UserIdentity.php(31): CDbCommand->query()
#2 C:\wamp\www\proyecto_boot\protected\models\LoginForm.php(52): UserIdentity->authenticate()
#3 C:\yii\framework\validators\CInlineValidator.php(42): LoginForm->authenticate('password', Array)
#4 C:\yii\framework\validators\CValidator.php(213): CInlineValidator->validateAttribute(Object(LoginForm), 'password')
#5 C:\yii\framework\base\CModel.php(159): CValidator->validate(Object(LoginForm), NULL)
#6 C:\wamp\www\proyecto_boot\protected\controllers\SiteController.php(94): CModel->validate()
#7 C:\yii\framework\web\actions\CInlineAction.php(49): SiteController->actionLogin()
#8 C:\yii\framework\web\CController.php(308): CInlineAction->runWithParams(Array)
#9 C:\yii\framework\web\CController.php(286): CController->runAction(Object(CInlineAction))
#10 C:\yii\framework\web\CController.php(265): CController->runActionWithFilters(Object(CInlineAction), Array)
#11 C:\yii\framework\web\CWebApplication.php(282): CController->run('login')
#12 C:\yii\framework\web\CWebApplication.php(141): CWebApplication->runController('site/login')
#13 C:\yii\framework\base\CApplication.php(180): CWebApplication->processRequest()
#14 C:\wamp\www\proyecto_boot\index.php(13): CApplication->run()
#15 {main}
REQUEST_URI=/proyecto_boot/index.php/site/login
HTTP_REFERER=http://localhost/proyecto_boot/index.php/site/login
---
2014/08/05 17:01:38 [error] [exception.CException] exception 'CException' with message 'Property "CRegularExpressionValidator.parents" is not defined.' in C:\yii\framework\base\CComponent.php:173
Stack trace:
#0 C:\yii\framework\validators\CValidator.php(189): CComponent->__set('parents', '/^[a-z??e??????...')
#1 C:\yii\framework\base\CModel.php(287): CValidator::createValidator('match', Object(LoginForm), 'username', Array)
#2 C:\yii\framework\base\CModel.php(260): CModel->createValidators()
#3 C:\yii\framework\base\CModel.php(304): CModel->getValidators('username')
#4 C:\yii\framework\web\helpers\CHtml.php(1414): CModel->isAttributeRequired('username')
#5 C:\yii\framework\web\widgets\CActiveForm.php(597): CHtml::activeLabelEx(Object(LoginForm), 'username', Array)
#6 C:\wamp\www\proyecto_boot\protected\views\site\login.php(28): CActiveForm->labelEx(Object(LoginForm), 'username')
#7 C:\yii\framework\web\CBaseController.php(126): require('C:\wamp\www\pro...')
#8 C:\yii\framework\web\CBaseController.php(95): CBaseController->renderInternal('C:\wamp\www\pro...', Array, true)
#9 C:\yii\framework\web\CController.php(869): CBaseController->renderFile('C:\wamp\www\pro...', Array, true)
#10 C:\yii\framework\web\CController.php(782): CController->renderPartial('login', Array, true)
#11 C:\wamp\www\proyecto_boot\protected\controllers\SiteController.php(98): CController->render('login', Array)
#12 C:\yii\framework\web\actions\CInlineAction.php(49): SiteController->actionLogin()
#13 C:\yii\framework\web\CController.php(308): CInlineAction->runWithParams(Array)
#14 C:\yii\framework\web\CController.php(286): CController->runAction(Object(CInlineAction))
#15 C:\yii\framework\web\CController.php(265): CController->runActionWithFilters(Object(CInlineAction), Array)
#16 C:\yii\framework\web\CWebApplication.php(282): CController->run('login')
#17 C:\yii\framework\web\CWebApplication.php(141): CWebApplication->runController('site/login')
#18 C:\yii\framework\base\CApplication.php(180): CWebApplication->processRequest()
#19 C:\wamp\www\proyecto_boot\index.php(13): CApplication->run()
#20 {main}
REQUEST_URI=/proyecto_boot/index.php/site/login
HTTP_REFERER=http://localhost/proyecto_boot/index.php
---
2014/08/05 17:03:00 [error] [exception.CException] exception 'CException' with message 'Property "CRegularExpressionValidator.parents" is not defined.' in C:\yii\framework\base\CComponent.php:173
Stack trace:
#0 C:\yii\framework\validators\CValidator.php(189): CComponent->__set('parents', '/^[a-z0-9]+$/i')
#1 C:\yii\framework\base\CModel.php(287): CValidator::createValidator('match', Object(LoginForm), 'password', Array)
#2 C:\yii\framework\base\CModel.php(260): CModel->createValidators()
#3 C:\yii\framework\base\CModel.php(304): CModel->getValidators('username')
#4 C:\yii\framework\web\helpers\CHtml.php(1414): CModel->isAttributeRequired('username')
#5 C:\yii\framework\web\widgets\CActiveForm.php(597): CHtml::activeLabelEx(Object(LoginForm), 'username', Array)
#6 C:\wamp\www\proyecto_boot\protected\views\site\login.php(28): CActiveForm->labelEx(Object(LoginForm), 'username')
#7 C:\yii\framework\web\CBaseController.php(126): require('C:\wamp\www\pro...')
#8 C:\yii\framework\web\CBaseController.php(95): CBaseController->renderInternal('C:\wamp\www\pro...', Array, true)
#9 C:\yii\framework\web\CController.php(869): CBaseController->renderFile('C:\wamp\www\pro...', Array, true)
#10 C:\yii\framework\web\CController.php(782): CController->renderPartial('login', Array, true)
#11 C:\wamp\www\proyecto_boot\protected\controllers\SiteController.php(98): CController->render('login', Array)
#12 C:\yii\framework\web\actions\CInlineAction.php(49): SiteController->actionLogin()
#13 C:\yii\framework\web\CController.php(308): CInlineAction->runWithParams(Array)
#14 C:\yii\framework\web\CController.php(286): CController->runAction(Object(CInlineAction))
#15 C:\yii\framework\web\CController.php(265): CController->runActionWithFilters(Object(CInlineAction), Array)
#16 C:\yii\framework\web\CWebApplication.php(282): CController->run('login')
#17 C:\yii\framework\web\CWebApplication.php(141): CWebApplication->runController('site/login')
#18 C:\yii\framework\base\CApplication.php(180): CWebApplication->processRequest()
#19 C:\wamp\www\proyecto_boot\index.php(13): CApplication->run()
#20 {main}
REQUEST_URI=/proyecto_boot/index.php/site/login
HTTP_REFERER=http://localhost/proyecto_boot/index.php
---
2014/08/05 17:29:50 [error] [php] Undefined variable: model (C:\wamp\www\proyecto_boot\protected\views\site\registro.php:25)
Stack trace:
#0 C:\yii\framework\web\CController.php(869): SiteController->renderFile()
#1 C:\yii\framework\web\CController.php(782): SiteController->renderPartial()
#2 C:\wamp\www\proyecto_boot\protected\controllers\SiteController.php(127): SiteController->render()
#3 C:\yii\framework\web\actions\CInlineAction.php(49): SiteController->actionRegistro()
#4 C:\yii\framework\web\CController.php(308): CInlineAction->runWithParams()
#5 C:\yii\framework\web\CController.php(286): SiteController->runAction()
#6 C:\yii\framework\web\CController.php(265): SiteController->runActionWithFilters()
#7 C:\yii\framework\web\CWebApplication.php(282): SiteController->run()
#8 C:\yii\framework\web\CWebApplication.php(141): CWebApplication->runController()
#9 C:\yii\framework\base\CApplication.php(180): CWebApplication->processRequest()
#10 C:\wamp\www\proyecto_boot\index.php(13): CWebApplication->run()
REQUEST_URI=/proyecto_boot/index.php/site/registro
in C:\wamp\www\proyecto_boot\protected\views\site\registro.php (25)
in C:\wamp\www\proyecto_boot\protected\controllers\SiteController.php (127)
in C:\wamp\www\proyecto_boot\index.php (13)
2014/08/05 17:56:31 [error] [exception.CException] exception 'CException' with message 'Property "CEmailValidator.0" is not defined.' in C:\yii\framework\base\CComponent.php:173
Stack trace:
#0 C:\yii\framework\validators\CValidator.php(189): CComponent->__set('0', 'password')
#1 C:\yii\framework\base\CModel.php(287): CValidator::createValidator('email', Object(ValidarRegistro), 'nombre', Array)
#2 C:\yii\framework\base\CModel.php(260): CModel->createValidators()
#3 C:\yii\framework\base\CModel.php(304): CModel->getValidators('nombre')
#4 C:\yii\framework\web\helpers\CHtml.php(1414): CModel->isAttributeRequired('nombre')
#5 C:\yii\framework\web\widgets\CActiveForm.php(597): CHtml::activeLabelEx(Object(ValidarRegistro), 'nombre', Array)
#6 C:\wamp\www\proyecto_boot\protected\views\site\registro.php(33): CActiveForm->labelEx(Object(ValidarRegistro), 'nombre')
#7 C:\yii\framework\web\CBaseController.php(126): require('C:\wamp\www\pro...')
#8 C:\yii\framework\web\CBaseController.php(95): CBaseController->renderInternal('C:\wamp\www\pro...', Array, true)
#9 C:\yii\framework\web\CController.php(869): CBaseController->renderFile('C:\wamp\www\pro...', Array, true)
#10 C:\yii\framework\web\CController.php(782): CController->renderPartial('registro', Array, true)
#11 C:\wamp\www\proyecto_boot\protected\controllers\SiteController.php(144): CController->render('registro', Array)
#12 C:\yii\framework\web\actions\CInlineAction.php(49): SiteController->actionRegistro()
#13 C:\yii\framework\web\CController.php(308): CInlineAction->runWithParams(Array)
#14 C:\yii\framework\web\CController.php(286): CController->runAction(Object(CInlineAction))
#15 C:\yii\framework\web\CController.php(265): CController->runActionWithFilters(Object(CInlineAction), Array)
#16 C:\yii\framework\web\CWebApplication.php(282): CController->run('registro')
#17 C:\yii\framework\web\CWebApplication.php(141): CWebApplication->runController('site/registro')
#18 C:\yii\framework\base\CApplication.php(180): CWebApplication->processRequest()
#19 C:\wamp\www\proyecto_boot\index.php(13): CApplication->run()
#20 {main}
REQUEST_URI=/proyecto_boot/index.php/site/registro
---
2014/08/05 17:59:25 [error] [exception.CException] exception 'CException' with message 'Property "CEmailValidator.0" is not defined.' in C:\yii\framework\base\CComponent.php:173
Stack trace:
#0 C:\yii\framework\validators\CValidator.php(189): CComponent->__set('0', 'password')
#1 C:\yii\framework\base\CModel.php(287): CValidator::createValidator('email', Object(ValidarRegistro), 'nombre', Array)
#2 C:\yii\framework\base\CModel.php(260): CModel->createValidators()
#3 C:\yii\framework\base\CModel.php(304): CModel->getValidators('nombre')
#4 C:\yii\framework\web\helpers\CHtml.php(1414): CModel->isAttributeRequired('nombre')
#5 C:\yii\framework\web\widgets\CActiveForm.php(597): CHtml::activeLabelEx(Object(ValidarRegistro), 'nombre', Array)
#6 C:\wamp\www\proyecto_boot\protected\views\site\registro.php(33): CActiveForm->labelEx(Object(ValidarRegistro), 'nombre')
#7 C:\yii\framework\web\CBaseController.php(126): require('C:\wamp\www\pro...')
#8 C:\yii\framework\web\CBaseController.php(95): CBaseController->renderInternal('C:\wamp\www\pro...', Array, true)
#9 C:\yii\framework\web\CController.php(869): CBaseController->renderFile('C:\wamp\www\pro...', Array, true)
#10 C:\yii\framework\web\CController.php(782): CController->renderPartial('registro', Array, true)
#11 C:\wamp\www\proyecto_boot\protected\controllers\SiteController.php(144): CController->render('registro', Array)
#12 C:\yii\framework\web\actions\CInlineAction.php(49): SiteController->actionRegistro()
#13 C:\yii\framework\web\CController.php(308): CInlineAction->runWithParams(Array)
#14 C:\yii\framework\web\CController.php(286): CController->runAction(Object(CInlineAction))
#15 C:\yii\framework\web\CController.php(265): CController->runActionWithFilters(Object(CInlineAction), Array)
#16 C:\yii\framework\web\CWebApplication.php(282): CController->run('registro')
#17 C:\yii\framework\web\CWebApplication.php(141): CWebApplication->runController('site/registro')
#18 C:\yii\framework\base\CApplication.php(180): CWebApplication->processRequest()
#19 C:\wamp\www\proyecto_boot\index.php(13): CApplication->run()
#20 {main}
REQUEST_URI=/proyecto_boot/index.php/site/registro
---
2014/08/05 18:00:32 [error] [exception.CException] exception 'CException' with message 'Property "CEmailValidator.0" is not defined.' in C:\yii\framework\base\CComponent.php:173
Stack trace:
#0 C:\yii\framework\validators\CValidator.php(189): CComponent->__set('0', 'password')
#1 C:\yii\framework\base\CModel.php(287): CValidator::createValidator('email', Object(ValidarRegistro), 'nombre', Array)
#2 C:\yii\framework\base\CModel.php(260): CModel->createValidators()
#3 C:\yii\framework\base\CModel.php(304): CModel->getValidators('nombre')
#4 C:\yii\framework\web\helpers\CHtml.php(1414): CModel->isAttributeRequired('nombre')
#5 C:\yii\framework\web\widgets\CActiveForm.php(597): CHtml::activeLabelEx(Object(ValidarRegistro), 'nombre', Array)
#6 C:\wamp\www\proyecto_boot\protected\views\site\registro.php(33): CActiveForm->labelEx(Object(ValidarRegistro), 'nombre')
#7 C:\yii\framework\web\CBaseController.php(126): require('C:\wamp\www\pro...')
#8 C:\yii\framework\web\CBaseController.php(95): CBaseController->renderInternal('C:\wamp\www\pro...', Array, true)
#9 C:\yii\framework\web\CController.php(869): CBaseController->renderFile('C:\wamp\www\pro...', Array, true)
#10 C:\yii\framework\web\CController.php(782): CController->renderPartial('registro', Array, true)
#11 C:\wamp\www\proyecto_boot\protected\controllers\SiteController.php(144): CController->render('registro', Array)
#12 C:\yii\framework\web\actions\CInlineAction.php(49): SiteController->actionRegistro()
#13 C:\yii\framework\web\CController.php(308): CInlineAction->runWithParams(Array)
#14 C:\yii\framework\web\CController.php(286): CController->runAction(Object(CInlineAction))
#15 C:\yii\framework\web\CController.php(265): CController->runActionWithFilters(Object(CInlineAction), Array)
#16 C:\yii\framework\web\CWebApplication.php(282): CController->run('registro')
#17 C:\yii\framework\web\CWebApplication.php(141): CWebApplication->runController('site/registro')
#18 C:\yii\framework\base\CApplication.php(180): CWebApplication->processRequest()
#19 C:\wamp\www\proyecto_boot\index.php(13): CApplication->run()
#20 {main}
REQUEST_URI=/proyecto_boot/index.php/site/registro
---
2014/08/05 18:03:49 [error] [exception.CException] exception 'CException' with message 'Property "CEmailValidator.0" is not defined.' in C:\yii\framework\base\CComponent.php:173
Stack trace:
#0 C:\yii\framework\validators\CValidator.php(189): CComponent->__set('0', 'password')
#1 C:\yii\framework\base\CModel.php(287): CValidator::createValidator('email', Object(ValidarRegistro), 'nombre', Array)
#2 C:\yii\framework\base\CModel.php(260): CModel->createValidators()
#3 C:\yii\framework\base\CModel.php(304): CModel->getValidators('nombre')
#4 C:\yii\framework\web\helpers\CHtml.php(1414): CModel->isAttributeRequired('nombre')
#5 C:\yii\framework\web\widgets\CActiveForm.php(597): CHtml::activeLabelEx(Object(ValidarRegistro), 'nombre', Array)
#6 C:\wamp\www\proyecto_boot\protected\views\site\registro.php(33): CActiveForm->labelEx(Object(ValidarRegistro), 'nombre')
#7 C:\yii\framework\web\CBaseController.php(126): require('C:\wamp\www\pro...')
#8 C:\yii\framework\web\CBaseController.php(95): CBaseController->renderInternal('C:\wamp\www\pro...', Array, true)
#9 C:\yii\framework\web\CController.php(869): CBaseController->renderFile('C:\wamp\www\pro...', Array, true)
#10 C:\yii\framework\web\CController.php(782): CController->renderPartial('registro', Array, true)
#11 C:\wamp\www\proyecto_boot\protected\controllers\SiteController.php(144): CController->render('registro', Array)
#12 C:\yii\framework\web\actions\CInlineAction.php(49): SiteController->actionRegistro()
#13 C:\yii\framework\web\CController.php(308): CInlineAction->runWithParams(Array)
#14 C:\yii\framework\web\CController.php(286): CController->runAction(Object(CInlineAction))
#15 C:\yii\framework\web\CController.php(265): CController->runActionWithFilters(Object(CInlineAction), Array)
#16 C:\yii\framework\web\CWebApplication.php(282): CController->run('registro')
#17 C:\yii\framework\web\CWebApplication.php(141): CWebApplication->runController('site/registro')
#18 C:\yii\framework\base\CApplication.php(180): CWebApplication->processRequest()
#19 C:\wamp\www\proyecto_boot\index.php(13): CApplication->run()
#20 {main}
REQUEST_URI=/proyecto_boot/index.php/site/registro
---
2014/08/05 18:03:50 [error] [exception.CException] exception 'CException' with message 'Property "CEmailValidator.0" is not defined.' in C:\yii\framework\base\CComponent.php:173
Stack trace:
#0 C:\yii\framework\validators\CValidator.php(189): CComponent->__set('0', 'password')
#1 C:\yii\framework\base\CModel.php(287): CValidator::createValidator('email', Object(ValidarRegistro), 'nombre', Array)
#2 C:\yii\framework\base\CModel.php(260): CModel->createValidators()
#3 C:\yii\framework\base\CModel.php(304): CModel->getValidators('nombre')
#4 C:\yii\framework\web\helpers\CHtml.php(1414): CModel->isAttributeRequired('nombre')
#5 C:\yii\framework\web\widgets\CActiveForm.php(597): CHtml::activeLabelEx(Object(ValidarRegistro), 'nombre', Array)
#6 C:\wamp\www\proyecto_boot\protected\views\site\registro.php(33): CActiveForm->labelEx(Object(ValidarRegistro), 'nombre')
#7 C:\yii\framework\web\CBaseController.php(126): require('C:\wamp\www\pro...')
#8 C:\yii\framework\web\CBaseController.php(95): CBaseController->renderInternal('C:\wamp\www\pro...', Array, true)
#9 C:\yii\framework\web\CController.php(869): CBaseController->renderFile('C:\wamp\www\pro...', Array, true)
#10 C:\yii\framework\web\CController.php(782): CController->renderPartial('registro', Array, true)
#11 C:\wamp\www\proyecto_boot\protected\controllers\SiteController.php(144): CController->render('registro', Array)
#12 C:\yii\framework\web\actions\CInlineAction.php(49): SiteController->actionRegistro()
#13 C:\yii\framework\web\CController.php(308): CInlineAction->runWithParams(Array)
#14 C:\yii\framework\web\CController.php(286): CController->runAction(Object(CInlineAction))
#15 C:\yii\framework\web\CController.php(265): CController->runActionWithFilters(Object(CInlineAction), Array)
#16 C:\yii\framework\web\CWebApplication.php(282): CController->run('registro')
#17 C:\yii\framework\web\CWebApplication.php(141): CWebApplication->runController('site/registro')
#18 C:\yii\framework\base\CApplication.php(180): CWebApplication->processRequest()
#19 C:\wamp\www\proyecto_boot\index.php(13): CApplication->run()
#20 {main}
REQUEST_URI=/proyecto_boot/index.php/site/registro
---
2014/08/05 18:03:50 [error] [exception.CException] exception 'CException' with message 'Property "CEmailValidator.0" is not defined.' in C:\yii\framework\base\CComponent.php:173
Stack trace:
#0 C:\yii\framework\validators\CValidator.php(189): CComponent->__set('0', 'password')
#1 C:\yii\framework\base\CModel.php(287): CValidator::createValidator('email', Object(ValidarRegistro), 'nombre', Array)
#2 C:\yii\framework\base\CModel.php(260): CModel->createValidators()
#3 C:\yii\framework\base\CModel.php(304): CModel->getValidators('nombre')
#4 C:\yii\framework\web\helpers\CHtml.php(1414): CModel->isAttributeRequired('nombre')
#5 C:\yii\framework\web\widgets\CActiveForm.php(597): CHtml::activeLabelEx(Object(ValidarRegistro), 'nombre', Array)
#6 C:\wamp\www\proyecto_boot\protected\views\site\registro.php(33): CActiveForm->labelEx(Object(ValidarRegistro), 'nombre')
#7 C:\yii\framework\web\CBaseController.php(126): require('C:\wamp\www\pro...')
#8 C:\yii\framework\web\CBaseController.php(95): CBaseController->renderInternal('C:\wamp\www\pro...', Array, true)
#9 C:\yii\framework\web\CController.php(869): CBaseController->renderFile('C:\wamp\www\pro...', Array, true)
#10 C:\yii\framework\web\CController.php(782): CController->renderPartial('registro', Array, true)
#11 C:\wamp\www\proyecto_boot\protected\controllers\SiteController.php(144): CController->render('registro', Array)
#12 C:\yii\framework\web\actions\CInlineAction.php(49): SiteController->actionRegistro()
#13 C:\yii\framework\web\CController.php(308): CInlineAction->runWithParams(Array)
#14 C:\yii\framework\web\CController.php(286): CController->runAction(Object(CInlineAction))
#15 C:\yii\framework\web\CController.php(265): CController->runActionWithFilters(Object(CInlineAction), Array)
#16 C:\yii\framework\web\CWebApplication.php(282): CController->run('registro')
#17 C:\yii\framework\web\CWebApplication.php(141): CWebApplication->runController('site/registro')
#18 C:\yii\framework\base\CApplication.php(180): CWebApplication->processRequest()
#19 C:\wamp\www\proyecto_boot\index.php(13): CApplication->run()
#20 {main}
REQUEST_URI=/proyecto_boot/index.php/site/registro
---
2014/08/05 18:03:51 [error] [exception.CException] exception 'CException' with message 'Property "CEmailValidator.0" is not defined.' in C:\yii\framework\base\CComponent.php:173
Stack trace:
#0 C:\yii\framework\validators\CValidator.php(189): CComponent->__set('0', 'password')
#1 C:\yii\framework\base\CModel.php(287): CValidator::createValidator('email', Object(ValidarRegistro), 'nombre', Array)
#2 C:\yii\framework\base\CModel.php(260): CModel->createValidators()
#3 C:\yii\framework\base\CModel.php(304): CModel->getValidators('nombre')
#4 C:\yii\framework\web\helpers\CHtml.php(1414): CModel->isAttributeRequired('nombre')
#5 C:\yii\framework\web\widgets\CActiveForm.php(597): CHtml::activeLabelEx(Object(ValidarRegistro), 'nombre', Array)
#6 C:\wamp\www\proyecto_boot\protected\views\site\registro.php(33): CActiveForm->labelEx(Object(ValidarRegistro), 'nombre')
#7 C:\yii\framework\web\CBaseController.php(126): require('C:\wamp\www\pro...')
#8 C:\yii\framework\web\CBaseController.php(95): CBaseController->renderInternal('C:\wamp\www\pro...', Array, true)
#9 C:\yii\framework\web\CController.php(869): CBaseController->renderFile('C:\wamp\www\pro...', Array, true)
#10 C:\yii\framework\web\CController.php(782): CController->renderPartial('registro', Array, true)
#11 C:\wamp\www\proyecto_boot\protected\controllers\SiteController.php(144): CController->render('registro', Array)
#12 C:\yii\framework\web\actions\CInlineAction.php(49): SiteController->actionRegistro()
#13 C:\yii\framework\web\CController.php(308): CInlineAction->runWithParams(Array)
#14 C:\yii\framework\web\CController.php(286): CController->runAction(Object(CInlineAction))
#15 C:\yii\framework\web\CController.php(265): CController->runActionWithFilters(Object(CInlineAction), Array)
#16 C:\yii\framework\web\CWebApplication.php(282): CController->run('registro')
#17 C:\yii\framework\web\CWebApplication.php(141): CWebApplication->runController('site/registro')
#18 C:\yii\framework\base\CApplication.php(180): CWebApplication->processRequest()
#19 C:\wamp\www\proyecto_boot\index.php(13): CApplication->run()
#20 {main}
REQUEST_URI=/proyecto_boot/index.php/site/registro
---
2014/08/05 18:07:44 [error] [exception.CException] exception 'CException' with message 'Property "CEmailValidator.0" is not defined.' in C:\yii\framework\base\CComponent.php:173
Stack trace:
#0 C:\yii\framework\validators\CValidator.php(189): CComponent->__set('0', 'password')
#1 C:\yii\framework\base\CModel.php(287): CValidator::createValidator('email', Object(ValidarRegistro), 'nombre', Array)
#2 C:\yii\framework\base\CModel.php(260): CModel->createValidators()
#3 C:\yii\framework\base\CModel.php(304): CModel->getValidators('nombre')
#4 C:\yii\framework\web\helpers\CHtml.php(1414): CModel->isAttributeRequired('nombre')
#5 C:\yii\framework\web\widgets\CActiveForm.php(597): CHtml::activeLabelEx(Object(ValidarRegistro), 'nombre', Array)
#6 C:\wamp\www\proyecto_boot\protected\views\site\registro.php(35): CActiveForm->labelEx(Object(ValidarRegistro), 'nombre')
#7 C:\yii\framework\web\CBaseController.php(126): require('C:\wamp\www\pro...')
#8 C:\yii\framework\web\CBaseController.php(95): CBaseController->renderInternal('C:\wamp\www\pro...', Array, true)
#9 C:\yii\framework\web\CController.php(869): CBaseController->renderFile('C:\wamp\www\pro...', Array, true)
#10 C:\yii\framework\web\CController.php(782): CController->renderPartial('registro', Array, true)
#11 C:\wamp\www\proyecto_boot\protected\controllers\SiteController.php(144): CController->render('registro', Array)
#12 C:\yii\framework\web\actions\CInlineAction.php(49): SiteController->actionRegistro()
#13 C:\yii\framework\web\CController.php(308): CInlineAction->runWithParams(Array)
#14 C:\yii\framework\web\CController.php(286): CController->runAction(Object(CInlineAction))
#15 C:\yii\framework\web\CController.php(265): CController->runActionWithFilters(Object(CInlineAction), Array)
#16 C:\yii\framework\web\CWebApplication.php(282): CController->run('registro')
#17 C:\yii\framework\web\CWebApplication.php(141): CWebApplication->runController('site/registro')
#18 C:\yii\framework\base\CApplication.php(180): CWebApplication->processRequest()
#19 C:\wamp\www\proyecto_boot\index.php(13): CApplication->run()
#20 {main}
REQUEST_URI=/proyecto_boot/index.php/site/registro
---
2014/08/05 18:07:45 [error] [exception.CException] exception 'CException' with message 'Property "CEmailValidator.0" is not defined.' in C:\yii\framework\base\CComponent.php:173
Stack trace:
#0 C:\yii\framework\validators\CValidator.php(189): CComponent->__set('0', 'password')
#1 C:\yii\framework\base\CModel.php(287): CValidator::createValidator('email', Object(ValidarRegistro), 'nombre', Array)
#2 C:\yii\framework\base\CModel.php(260): CModel->createValidators()
#3 C:\yii\framework\base\CModel.php(304): CModel->getValidators('nombre')
#4 C:\yii\framework\web\helpers\CHtml.php(1414): CModel->isAttributeRequired('nombre')
#5 C:\yii\framework\web\widgets\CActiveForm.php(597): CHtml::activeLabelEx(Object(ValidarRegistro), 'nombre', Array)
#6 C:\wamp\www\proyecto_boot\protected\views\site\registro.php(35): CActiveForm->labelEx(Object(ValidarRegistro), 'nombre')
#7 C:\yii\framework\web\CBaseController.php(126): require('C:\wamp\www\pro...')
#8 C:\yii\framework\web\CBaseController.php(95): CBaseController->renderInternal('C:\wamp\www\pro...', Array, true)
#9 C:\yii\framework\web\CController.php(869): CBaseController->renderFile('C:\wamp\www\pro...', Array, true)
#10 C:\yii\framework\web\CController.php(782): CController->renderPartial('registro', Array, true)
#11 C:\wamp\www\proyecto_boot\protected\controllers\SiteController.php(144): CController->render('registro', Array)
#12 C:\yii\framework\web\actions\CInlineAction.php(49): SiteController->actionRegistro()
#13 C:\yii\framework\web\CController.php(308): CInlineAction->runWithParams(Array)
#14 C:\yii\framework\web\CController.php(286): CController->runAction(Object(CInlineAction))
#15 C:\yii\framework\web\CController.php(265): CController->runActionWithFilters(Object(CInlineAction), Array)
#16 C:\yii\framework\web\CWebApplication.php(282): CController->run('registro')
#17 C:\yii\framework\web\CWebApplication.php(141): CWebApplication->runController('site/registro')
#18 C:\yii\framework\base\CApplication.php(180): CWebApplication->processRequest()
#19 C:\wamp\www\proyecto_boot\index.php(13): CApplication->run()
#20 {main}
REQUEST_URI=/proyecto_boot/index.php/site/registro
---
2014/08/05 18:07:45 [error] [exception.CException] exception 'CException' with message 'Property "CEmailValidator.0" is not defined.' in C:\yii\framework\base\CComponent.php:173
Stack trace:
#0 C:\yii\framework\validators\CValidator.php(189): CComponent->__set('0', 'password')
#1 C:\yii\framework\base\CModel.php(287): CValidator::createValidator('email', Object(ValidarRegistro), 'nombre', Array)
#2 C:\yii\framework\base\CModel.php(260): CModel->createValidators()
#3 C:\yii\framework\base\CModel.php(304): CModel->getValidators('nombre')
#4 C:\yii\framework\web\helpers\CHtml.php(1414): CModel->isAttributeRequired('nombre')
#5 C:\yii\framework\web\widgets\CActiveForm.php(597): CHtml::activeLabelEx(Object(ValidarRegistro), 'nombre', Array)
#6 C:\wamp\www\proyecto_boot\protected\views\site\registro.php(35): CActiveForm->labelEx(Object(ValidarRegistro), 'nombre')
#7 C:\yii\framework\web\CBaseController.php(126): require('C:\wamp\www\pro...')
#8 C:\yii\framework\web\CBaseController.php(95): CBaseController->renderInternal('C:\wamp\www\pro...', Array, true)
#9 C:\yii\framework\web\CController.php(869): CBaseController->renderFile('C:\wamp\www\pro...', Array, true)
#10 C:\yii\framework\web\CController.php(782): CController->renderPartial('registro', Array, true)
#11 C:\wamp\www\proyecto_boot\protected\controllers\SiteController.php(144): CController->render('registro', Array)
#12 C:\yii\framework\web\actions\CInlineAction.php(49): SiteController->actionRegistro()
#13 C:\yii\framework\web\CController.php(308): CInlineAction->runWithParams(Array)
#14 C:\yii\framework\web\CController.php(286): CController->runAction(Object(CInlineAction))
#15 C:\yii\framework\web\CController.php(265): CController->runActionWithFilters(Object(CInlineAction), Array)
#16 C:\yii\framework\web\CWebApplication.php(282): CController->run('registro')
#17 C:\yii\framework\web\CWebApplication.php(141): CWebApplication->runController('site/registro')
#18 C:\yii\framework\base\CApplication.php(180): CWebApplication->processRequest()
#19 C:\wamp\www\proyecto_boot\index.php(13): CApplication->run()
#20 {main}
REQUEST_URI=/proyecto_boot/index.php/site/registro
---
2014/08/05 18:07:46 [error] [exception.CException] exception 'CException' with message 'Property "CEmailValidator.0" is not defined.' in C:\yii\framework\base\CComponent.php:173
Stack trace:
#0 C:\yii\framework\validators\CValidator.php(189): CComponent->__set('0', 'password')
#1 C:\yii\framework\base\CModel.php(287): CValidator::createValidator('email', Object(ValidarRegistro), 'nombre', Array)
#2 C:\yii\framework\base\CModel.php(260): CModel->createValidators()
#3 C:\yii\framework\base\CModel.php(304): CModel->getValidators('nombre')
#4 C:\yii\framework\web\helpers\CHtml.php(1414): CModel->isAttributeRequired('nombre')
#5 C:\yii\framework\web\widgets\CActiveForm.php(597): CHtml::activeLabelEx(Object(ValidarRegistro), 'nombre', Array)
#6 C:\wamp\www\proyecto_boot\protected\views\site\registro.php(35): CActiveForm->labelEx(Object(ValidarRegistro), 'nombre')
#7 C:\yii\framework\web\CBaseController.php(126): require('C:\wamp\www\pro...')
#8 C:\yii\framework\web\CBaseController.php(95): CBaseController->renderInternal('C:\wamp\www\pro...', Array, true)
#9 C:\yii\framework\web\CController.php(869): CBaseController->renderFile('C:\wamp\www\pro...', Array, true)
#10 C:\yii\framework\web\CController.php(782): CController->renderPartial('registro', Array, true)
#11 C:\wamp\www\proyecto_boot\protected\controllers\SiteController.php(144): CController->render('registro', Array)
#12 C:\yii\framework\web\actions\CInlineAction.php(49): SiteController->actionRegistro()
#13 C:\yii\framework\web\CController.php(308): CInlineAction->runWithParams(Array)
#14 C:\yii\framework\web\CController.php(286): CController->runAction(Object(CInlineAction))
#15 C:\yii\framework\web\CController.php(265): CController->runActionWithFilters(Object(CInlineAction), Array)
#16 C:\yii\framework\web\CWebApplication.php(282): CController->run('registro')
#17 C:\yii\framework\web\CWebApplication.php(141): CWebApplication->runController('site/registro')
#18 C:\yii\framework\base\CApplication.php(180): CWebApplication->processRequest()
#19 C:\wamp\www\proyecto_boot\index.php(13): CApplication->run()
#20 {main}
REQUEST_URI=/proyecto_boot/index.php/site/registro
---
2014/08/05 18:10:19 [error] [exception.CException] exception 'CException' with message 'Property "CEmailValidator.0" is not defined.' in C:\yii\framework\base\CComponent.php:173
Stack trace:
#0 C:\yii\framework\validators\CValidator.php(189): CComponent->__set('0', 'password')
#1 C:\yii\framework\base\CModel.php(287): CValidator::createValidator('email', Object(ValidarRegistro), 'nombre', Array)
#2 C:\yii\framework\base\CModel.php(260): CModel->createValidators()
#3 C:\yii\framework\base\CModel.php(304): CModel->getValidators('nombre')
#4 C:\yii\framework\web\helpers\CHtml.php(1414): CModel->isAttributeRequired('nombre')
#5 C:\yii\framework\web\widgets\CActiveForm.php(597): CHtml::activeLabelEx(Object(ValidarRegistro), 'nombre', Array)
#6 C:\wamp\www\proyecto_boot\protected\views\site\registro.php(33): CActiveForm->labelEx(Object(ValidarRegistro), 'nombre')
#7 C:\yii\framework\web\CBaseController.php(126): require('C:\wamp\www\pro...')
#8 C:\yii\framework\web\CBaseController.php(95): CBaseController->renderInternal('C:\wamp\www\pro...', Array, true)
#9 C:\yii\framework\web\CController.php(869): CBaseController->renderFile('C:\wamp\www\pro...', Array, true)
#10 C:\yii\framework\web\CController.php(782): CController->renderPartial('registro', Array, true)
#11 C:\wamp\www\proyecto_boot\protected\controllers\SiteController.php(144): CController->render('registro', Array)
#12 C:\yii\framework\web\actions\CInlineAction.php(49): SiteController->actionRegistro()
#13 C:\yii\framework\web\CController.php(308): CInlineAction->runWithParams(Array)
#14 C:\yii\framework\web\CController.php(286): CController->runAction(Object(CInlineAction))
#15 C:\yii\framework\web\CController.php(265): CController->runActionWithFilters(Object(CInlineAction), Array)
#16 C:\yii\framework\web\CWebApplication.php(282): CController->run('registro')
#17 C:\yii\framework\web\CWebApplication.php(141): CWebApplication->runController('site/registro')
#18 C:\yii\framework\base\CApplication.php(180): CWebApplication->processRequest()
#19 C:\wamp\www\proyecto_boot\index.php(13): CApplication->run()
#20 {main}
REQUEST_URI=/proyecto_boot/index.php/site/registro
---
2014/08/05 18:10:37 [error] [exception.CException] exception 'CException' with message 'Property "CEmailValidator.0" is not defined.' in C:\yii\framework\base\CComponent.php:173
Stack trace:
#0 C:\yii\framework\validators\CValidator.php(189): CComponent->__set('0', 'password')
#1 C:\yii\framework\base\CModel.php(287): CValidator::createValidator('email', Object(ValidarRegistro), 'nombre', Array)
#2 C:\yii\framework\base\CModel.php(260): CModel->createValidators()
#3 C:\yii\framework\base\CModel.php(304): CModel->getValidators('nombre')
#4 C:\yii\framework\web\helpers\CHtml.php(1414): CModel->isAttributeRequired('nombre')
#5 C:\yii\framework\web\widgets\CActiveForm.php(597): CHtml::activeLabelEx(Object(ValidarRegistro), 'nombre', Array)
#6 C:\wamp\www\proyecto_boot\protected\views\site\registro.php(33): CActiveForm->labelEx(Object(ValidarRegistro), 'nombre')
#7 C:\yii\framework\web\CBaseController.php(126): require('C:\wamp\www\pro...')
#8 C:\yii\framework\web\CBaseController.php(95): CBaseController->renderInternal('C:\wamp\www\pro...', Array, true)
#9 C:\yii\framework\web\CController.php(869): CBaseController->renderFile('C:\wamp\www\pro...', Array, true)
#10 C:\yii\framework\web\CController.php(782): CController->renderPartial('registro', Array, true)
#11 C:\wamp\www\proyecto_boot\protected\controllers\SiteController.php(144): CController->render('registro', Array)
#12 C:\yii\framework\web\actions\CInlineAction.php(49): SiteController->actionRegistro()
#13 C:\yii\framework\web\CController.php(308): CInlineAction->runWithParams(Array)
#14 C:\yii\framework\web\CController.php(286): CController->runAction(Object(CInlineAction))
#15 C:\yii\framework\web\CController.php(265): CController->runActionWithFilters(Object(CInlineAction), Array)
#16 C:\yii\framework\web\CWebApplication.php(282): CController->run('registro')
#17 C:\yii\framework\web\CWebApplication.php(141): CWebApplication->runController('site/registro')
#18 C:\yii\framework\base\CApplication.php(180): CWebApplication->processRequest()
#19 C:\wamp\www\proyecto_boot\index.php(13): CApplication->run()
#20 {main}
REQUEST_URI=/proyecto_boot/index.php/site/registro
---
2014/08/05 18:13:01 [error] [exception.CException] exception 'CException' with message 'Property "CEmailValidator.0" is not defined.' in C:\yii\framework\base\CComponent.php:173
Stack trace:
#0 C:\yii\framework\validators\CValidator.php(189): CComponent->__set('0', 'password')
#1 C:\yii\framework\base\CModel.php(287): CValidator::createValidator('email', Object(ValidarRegistro), 'nombre', Array)
#2 C:\yii\framework\base\CModel.php(260): CModel->createValidators()
#3 C:\yii\framework\base\CModel.php(304): CModel->getValidators('nombre')
#4 C:\yii\framework\web\helpers\CHtml.php(1414): CModel->isAttributeRequired('nombre')
#5 C:\yii\framework\web\widgets\CActiveForm.php(597): CHtml::activeLabelEx(Object(ValidarRegistro), 'nombre', Array)
#6 C:\wamp\www\proyecto_boot\protected\views\site\registro.php(33): CActiveForm->labelEx(Object(ValidarRegistro), 'nombre')
#7 C:\yii\framework\web\CBaseController.php(126): require('C:\wamp\www\pro...')
#8 C:\yii\framework\web\CBaseController.php(95): CBaseController->renderInternal('C:\wamp\www\pro...', Array, true)
#9 C:\yii\framework\web\CController.php(869): CBaseController->renderFile('C:\wamp\www\pro...', Array, true)
#10 C:\yii\framework\web\CController.php(782): CController->renderPartial('registro', Array, true)
#11 C:\wamp\www\proyecto_boot\protected\controllers\SiteController.php(144): CController->render('registro', Array)
#12 C:\yii\framework\web\actions\CInlineAction.php(49): SiteController->actionRegistro()
#13 C:\yii\framework\web\CController.php(308): CInlineAction->runWithParams(Array)
#14 C:\yii\framework\web\CController.php(286): CController->runAction(Object(CInlineAction))
#15 C:\yii\framework\web\CController.php(265): CController->runActionWithFilters(Object(CInlineAction), Array)
#16 C:\yii\framework\web\CWebApplication.php(282): CController->run('registro')
#17 C:\yii\framework\web\CWebApplication.php(141): CWebApplication->runController('site/registro')
#18 C:\yii\framework\base\CApplication.php(180): CWebApplication->processRequest()
#19 C:\wamp\www\proyecto_boot\index.php(13): CApplication->run()
#20 {main}
REQUEST_URI=/proyecto_boot/index.php/site/registro
---
2014/08/05 18:13:06 [error] [exception.CException] exception 'CException' with message 'Property "CEmailValidator.0" is not defined.' in C:\yii\framework\base\CComponent.php:173
Stack trace:
#0 C:\yii\framework\validators\CValidator.php(189): CComponent->__set('0', 'password')
#1 C:\yii\framework\base\CModel.php(287): CValidator::createValidator('email', Object(ValidarRegistro), 'nombre', Array)
#2 C:\yii\framework\base\CModel.php(260): CModel->createValidators()
#3 C:\yii\framework\base\CModel.php(304): CModel->getValidators('nombre')
#4 C:\yii\framework\web\helpers\CHtml.php(1414): CModel->isAttributeRequired('nombre')
#5 C:\yii\framework\web\widgets\CActiveForm.php(597): CHtml::activeLabelEx(Object(ValidarRegistro), 'nombre', Array)
#6 C:\wamp\www\proyecto_boot\protected\views\site\registro.php(33): CActiveForm->labelEx(Object(ValidarRegistro), 'nombre')
#7 C:\yii\framework\web\CBaseController.php(126): require('C:\wamp\www\pro...')
#8 C:\yii\framework\web\CBaseController.php(95): CBaseController->renderInternal('C:\wamp\www\pro...', Array, true)
#9 C:\yii\framework\web\CController.php(869): CBaseController->renderFile('C:\wamp\www\pro...', Array, true)
#10 C:\yii\framework\web\CController.php(782): CController->renderPartial('registro', Array, true)
#11 C:\wamp\www\proyecto_boot\protected\controllers\SiteController.php(144): CController->render('registro', Array)
#12 C:\yii\framework\web\actions\CInlineAction.php(49): SiteController->actionRegistro()
#13 C:\yii\framework\web\CController.php(308): CInlineAction->runWithParams(Array)
#14 C:\yii\framework\web\CController.php(286): CController->runAction(Object(CInlineAction))
#15 C:\yii\framework\web\CController.php(265): CController->runActionWithFilters(Object(CInlineAction), Array)
#16 C:\yii\framework\web\CWebApplication.php(282): CController->run('registro')
#17 C:\yii\framework\web\CWebApplication.php(141): CWebApplication->runController('site/registro')
#18 C:\yii\framework\base\CApplication.php(180): CWebApplication->processRequest()
#19 C:\wamp\www\proyecto_boot\index.php(13): CApplication->run()
#20 {main}
REQUEST_URI=/proyecto_boot/index.php/site/registro
HTTP_REFERER=http://localhost/proyecto_boot/index.php/site
---
2014/08/05 18:17:09 [error] [exception.CException] exception 'CException' with message 'Property "CEmailValidator.0" is not defined.' in C:\yii\framework\base\CComponent.php:173
Stack trace:
#0 C:\yii\framework\validators\CValidator.php(189): CComponent->__set('0', 'password')
#1 C:\yii\framework\base\CModel.php(287): CValidator::createValidator('email', Object(ValidarRegistro), 'nombre', Array)
#2 C:\yii\framework\base\CModel.php(260): CModel->createValidators()
#3 C:\yii\framework\web\helpers\CHtml.php(2236): CModel->getValidators('nombre')
#4 C:\yii\framework\web\helpers\CHtml.php(1434): CHtml::activeInputField('text', Object(ValidarRegistro), 'nombre', Array)
#5 C:\yii\framework\web\widgets\CActiveForm.php(725): CHtml::activeTextField(Object(ValidarRegistro), 'nombre', Array)
#6 C:\wamp\www\proyecto_boot\protected\views\site\registro.php(34): CActiveForm->textField(Object(ValidarRegistro), 'nombre')
#7 C:\yii\framework\web\CBaseController.php(126): require('C:\wamp\www\pro...')
#8 C:\yii\framework\web\CBaseController.php(95): CBaseController->renderInternal('C:\wamp\www\pro...', Array, true)
#9 C:\yii\framework\web\CController.php(869): CBaseController->renderFile('C:\wamp\www\pro...', Array, true)
#10 C:\yii\framework\web\CController.php(782): CController->renderPartial('registro', Array, true)
#11 C:\wamp\www\proyecto_boot\protected\controllers\SiteController.php(144): CController->render('registro', Array)
#12 C:\yii\framework\web\actions\CInlineAction.php(49): SiteController->actionRegistro()
#13 C:\yii\framework\web\CController.php(308): CInlineAction->runWithParams(Array)
#14 C:\yii\framework\web\CController.php(286): CController->runAction(Object(CInlineAction))
#15 C:\yii\framework\web\CController.php(265): CController->runActionWithFilters(Object(CInlineAction), Array)
#16 C:\yii\framework\web\CWebApplication.php(282): CController->run('registro')
#17 C:\yii\framework\web\CWebApplication.php(141): CWebApplication->runController('site/registro')
#18 C:\yii\framework\base\CApplication.php(180): CWebApplication->processRequest()
#19 C:\wamp\www\proyecto_boot\index.php(13): CApplication->run()
#20 {main}
REQUEST_URI=/proyecto_boot/index.php/site/registro
HTTP_REFERER=http://localhost/proyecto_boot/
---
2014/08/05 18:39:07 [error] [exception.CException] exception 'CException' with message 'Property "CEmailValidator.0" is not defined.' in C:\yii\framework\base\CComponent.php:173
Stack trace:
#0 C:\yii\framework\validators\CValidator.php(189): CComponent->__set('0', 'password')
#1 C:\yii\framework\base\CModel.php(287): CValidator::createValidator('email', Object(ValidarRegistro), 'nombre', Array)
#2 C:\yii\framework\base\CModel.php(260): CModel->createValidators()
#3 C:\yii\framework\web\helpers\CHtml.php(2236): CModel->getValidators('nombre')
#4 C:\yii\framework\web\helpers\CHtml.php(1434): CHtml::activeInputField('text', Object(ValidarRegistro), 'nombre', Array)
#5 C:\yii\framework\web\widgets\CActiveForm.php(725): CHtml::activeTextField(Object(ValidarRegistro), 'nombre', Array)
#6 C:\wamp\www\proyecto_boot\protected\views\site\registro.php(34): CActiveForm->textField(Object(ValidarRegistro), 'nombre')
#7 C:\yii\framework\web\CBaseController.php(126): require('C:\wamp\www\pro...')
#8 C:\yii\framework\web\CBaseController.php(95): CBaseController->renderInternal('C:\wamp\www\pro...', Array, true)
#9 C:\yii\framework\web\CController.php(869): CBaseController->renderFile('C:\wamp\www\pro...', Array, true)
#10 C:\yii\framework\web\CController.php(782): CController->renderPartial('registro', Array, true)
#11 C:\wamp\www\proyecto_boot\protected\controllers\SiteController.php(144): CController->render('registro', Array)
#12 C:\yii\framework\web\actions\CInlineAction.php(49): SiteController->actionRegistro()
#13 C:\yii\framework\web\CController.php(308): CInlineAction->runWithParams(Array)
#14 C:\yii\framework\web\CController.php(286): CController->runAction(Object(CInlineAction))
#15 C:\yii\framework\web\CController.php(265): CController->runActionWithFilters(Object(CInlineAction), Array)
#16 C:\yii\framework\web\CWebApplication.php(282): CController->run('registro')
#17 C:\yii\framework\web\CWebApplication.php(141): CWebApplication->runController('site/registro')
#18 C:\yii\framework\base\CApplication.php(180): CWebApplication->processRequest()
#19 C:\wamp\www\proyecto_boot\index.php(13): CApplication->run()
#20 {main}
REQUEST_URI=/proyecto_boot/index.php/site/registro
HTTP_REFERER=http://localhost/proyecto_boot/
---
2014/08/05 18:39:09 [error] [exception.CException] exception 'CException' with message 'Property "CEmailValidator.0" is not defined.' in C:\yii\framework\base\CComponent.php:173
Stack trace:
#0 C:\yii\framework\validators\CValidator.php(189): CComponent->__set('0', 'password')
#1 C:\yii\framework\base\CModel.php(287): CValidator::createValidator('email', Object(ValidarRegistro), 'nombre', Array)
#2 C:\yii\framework\base\CModel.php(260): CModel->createValidators()
#3 C:\yii\framework\web\helpers\CHtml.php(2236): CModel->getValidators('nombre')
#4 C:\yii\framework\web\helpers\CHtml.php(1434): CHtml::activeInputField('text', Object(ValidarRegistro), 'nombre', Array)
#5 C:\yii\framework\web\widgets\CActiveForm.php(725): CHtml::activeTextField(Object(ValidarRegistro), 'nombre', Array)
#6 C:\wamp\www\proyecto_boot\protected\views\site\registro.php(34): CActiveForm->textField(Object(ValidarRegistro), 'nombre')
#7 C:\yii\framework\web\CBaseController.php(126): require('C:\wamp\www\pro...')
#8 C:\yii\framework\web\CBaseController.php(95): CBaseController->renderInternal('C:\wamp\www\pro...', Array, true)
#9 C:\yii\framework\web\CController.php(869): CBaseController->renderFile('C:\wamp\www\pro...', Array, true)
#10 C:\yii\framework\web\CController.php(782): CController->renderPartial('registro', Array, true)
#11 C:\wamp\www\proyecto_boot\protected\controllers\SiteController.php(144): CController->render('registro', Array)
#12 C:\yii\framework\web\actions\CInlineAction.php(49): SiteController->actionRegistro()
#13 C:\yii\framework\web\CController.php(308): CInlineAction->runWithParams(Array)
#14 C:\yii\framework\web\CController.php(286): CController->runAction(Object(CInlineAction))
#15 C:\yii\framework\web\CController.php(265): CController->runActionWithFilters(Object(CInlineAction), Array)
#16 C:\yii\framework\web\CWebApplication.php(282): CController->run('registro')
#17 C:\yii\framework\web\CWebApplication.php(141): CWebApplication->runController('site/registro')
#18 C:\yii\framework\base\CApplication.php(180): CWebApplication->processRequest()
#19 C:\wamp\www\proyecto_boot\index.php(13): CApplication->run()
#20 {main}
REQUEST_URI=/proyecto_boot/index.php/site/registro
HTTP_REFERER=http://localhost/proyecto_boot/
---
2014/08/05 18:39:10 [error] [exception.CException] exception 'CException' with message 'Property "CEmailValidator.0" is not defined.' in C:\yii\framework\base\CComponent.php:173
Stack trace:
#0 C:\yii\framework\validators\CValidator.php(189): CComponent->__set('0', 'password')
#1 C:\yii\framework\base\CModel.php(287): CValidator::createValidator('email', Object(ValidarRegistro), 'nombre', Array)
#2 C:\yii\framework\base\CModel.php(260): CModel->createValidators()
#3 C:\yii\framework\web\helpers\CHtml.php(2236): CModel->getValidators('nombre')
#4 C:\yii\framework\web\helpers\CHtml.php(1434): CHtml::activeInputField('text', Object(ValidarRegistro), 'nombre', Array)
#5 C:\yii\framework\web\widgets\CActiveForm.php(725): CHtml::activeTextField(Object(ValidarRegistro), 'nombre', Array)
#6 C:\wamp\www\proyecto_boot\protected\views\site\registro.php(34): CActiveForm->textField(Object(ValidarRegistro), 'nombre')
#7 C:\yii\framework\web\CBaseController.php(126): require('C:\wamp\www\pro...')
#8 C:\yii\framework\web\CBaseController.php(95): CBaseController->renderInternal('C:\wamp\www\pro...', Array, true)
#9 C:\yii\framework\web\CController.php(869): CBaseController->renderFile('C:\wamp\www\pro...', Array, true)
#10 C:\yii\framework\web\CController.php(782): CController->renderPartial('registro', Array, true)
#11 C:\wamp\www\proyecto_boot\protected\controllers\SiteController.php(144): CController->render('registro', Array)
#12 C:\yii\framework\web\actions\CInlineAction.php(49): SiteController->actionRegistro()
#13 C:\yii\framework\web\CController.php(308): CInlineAction->runWithParams(Array)
#14 C:\yii\framework\web\CController.php(286): CController->runAction(Object(CInlineAction))
#15 C:\yii\framework\web\CController.php(265): CController->runActionWithFilters(Object(CInlineAction), Array)
#16 C:\yii\framework\web\CWebApplication.php(282): CController->run('registro')
#17 C:\yii\framework\web\CWebApplication.php(141): CWebApplication->runController('site/registro')
#18 C:\yii\framework\base\CApplication.php(180): CWebApplication->processRequest()
#19 C:\wamp\www\proyecto_boot\index.php(13): CApplication->run()
#20 {main}
REQUEST_URI=/proyecto_boot/index.php/site/registro
HTTP_REFERER=http://localhost/proyecto_boot/
---
2014/08/05 18:39:10 [error] [exception.CException] exception 'CException' with message 'Property "CEmailValidator.0" is not defined.' in C:\yii\framework\base\CComponent.php:173
Stack trace:
#0 C:\yii\framework\validators\CValidator.php(189): CComponent->__set('0', 'password')
#1 C:\yii\framework\base\CModel.php(287): CValidator::createValidator('email', Object(ValidarRegistro), 'nombre', Array)
#2 C:\yii\framework\base\CModel.php(260): CModel->createValidators()
#3 C:\yii\framework\web\helpers\CHtml.php(2236): CModel->getValidators('nombre')
#4 C:\yii\framework\web\helpers\CHtml.php(1434): CHtml::activeInputField('text', Object(ValidarRegistro), 'nombre', Array)
#5 C:\yii\framework\web\widgets\CActiveForm.php(725): CHtml::activeTextField(Object(ValidarRegistro), 'nombre', Array)
#6 C:\wamp\www\proyecto_boot\protected\views\site\registro.php(34): CActiveForm->textField(Object(ValidarRegistro), 'nombre')
#7 C:\yii\framework\web\CBaseController.php(126): require('C:\wamp\www\pro...')
#8 C:\yii\framework\web\CBaseController.php(95): CBaseController->renderInternal('C:\wamp\www\pro...', Array, true)
#9 C:\yii\framework\web\CController.php(869): CBaseController->renderFile('C:\wamp\www\pro...', Array, true)
#10 C:\yii\framework\web\CController.php(782): CController->renderPartial('registro', Array, true)
#11 C:\wamp\www\proyecto_boot\protected\controllers\SiteController.php(144): CController->render('registro', Array)
#12 C:\yii\framework\web\actions\CInlineAction.php(49): SiteController->actionRegistro()
#13 C:\yii\framework\web\CController.php(308): CInlineAction->runWithParams(Array)
#14 C:\yii\framework\web\CController.php(286): CController->runAction(Object(CInlineAction))
#15 C:\yii\framework\web\CController.php(265): CController->runActionWithFilters(Object(CInlineAction), Array)
#16 C:\yii\framework\web\CWebApplication.php(282): CController->run('registro')
#17 C:\yii\framework\web\CWebApplication.php(141): CWebApplication->runController('site/registro')
#18 C:\yii\framework\base\CApplication.php(180): CWebApplication->processRequest()
#19 C:\wamp\www\proyecto_boot\index.php(13): CApplication->run()
#20 {main}
REQUEST_URI=/proyecto_boot/index.php/site/registro
HTTP_REFERER=http://localhost/proyecto_boot/
---
2014/08/05 18:39:10 [error] [exception.CException] exception 'CException' with message 'Property "CEmailValidator.0" is not defined.' in C:\yii\framework\base\CComponent.php:173
Stack trace:
#0 C:\yii\framework\validators\CValidator.php(189): CComponent->__set('0', 'password')
#1 C:\yii\framework\base\CModel.php(287): CValidator::createValidator('email', Object(ValidarRegistro), 'nombre', Array)
#2 C:\yii\framework\base\CModel.php(260): CModel->createValidators()
#3 C:\yii\framework\web\helpers\CHtml.php(2236): CModel->getValidators('nombre')
#4 C:\yii\framework\web\helpers\CHtml.php(1434): CHtml::activeInputField('text', Object(ValidarRegistro), 'nombre', Array)
#5 C:\yii\framework\web\widgets\CActiveForm.php(725): CHtml::activeTextField(Object(ValidarRegistro), 'nombre', Array)
#6 C:\wamp\www\proyecto_boot\protected\views\site\registro.php(34): CActiveForm->textField(Object(ValidarRegistro), 'nombre')
#7 C:\yii\framework\web\CBaseController.php(126): require('C:\wamp\www\pro...')
#8 C:\yii\framework\web\CBaseController.php(95): CBaseController->renderInternal('C:\wamp\www\pro...', Array, true)
#9 C:\yii\framework\web\CController.php(869): CBaseController->renderFile('C:\wamp\www\pro...', Array, true)
#10 C:\yii\framework\web\CController.php(782): CController->renderPartial('registro', Array, true)
#11 C:\wamp\www\proyecto_boot\protected\controllers\SiteController.php(144): CController->render('registro', Array)
#12 C:\yii\framework\web\actions\CInlineAction.php(49): SiteController->actionRegistro()
#13 C:\yii\framework\web\CController.php(308): CInlineAction->runWithParams(Array)
#14 C:\yii\framework\web\CController.php(286): CController->runAction(Object(CInlineAction))
#15 C:\yii\framework\web\CController.php(265): CController->runActionWithFilters(Object(CInlineAction), Array)
#16 C:\yii\framework\web\CWebApplication.php(282): CController->run('registro')
#17 C:\yii\framework\web\CWebApplication.php(141): CWebApplication->runController('site/registro')
#18 C:\yii\framework\base\CApplication.php(180): CWebApplication->processRequest()
#19 C:\wamp\www\proyecto_boot\index.php(13): CApplication->run()
#20 {main}
REQUEST_URI=/proyecto_boot/index.php/site/registro
HTTP_REFERER=http://localhost/proyecto_boot/
---
2014/08/05 18:39:33 [error] [php] include(password.php): failed to open stream: No such file or directory (C:\yii\framework\YiiBase.php:427)
Stack trace:
#0 C:\yii\framework\validators\CValidator.php(186): import()
#1 C:\yii\framework\base\CModel.php(287): createValidator()
#2 C:\yii\framework\base\CModel.php(260): ValidarRegistro->createValidators()
#3 C:\yii\framework\web\helpers\CHtml.php(2236): ValidarRegistro->getValidators()
#4 C:\yii\framework\web\helpers\CHtml.php(1434): activeInputField()
#5 C:\yii\framework\web\widgets\CActiveForm.php(725): activeTextField()
#6 C:\wamp\www\proyecto_boot\protected\views\site\registro.php(34): CActiveForm->textField()
#7 C:\yii\framework\web\CBaseController.php(126): require()
#8 C:\yii\framework\web\CBaseController.php(95): SiteController->renderInternal()
#9 C:\yii\framework\web\CController.php(869): SiteController->renderFile()
#10 C:\yii\framework\web\CController.php(782): SiteController->renderPartial()
#11 C:\wamp\www\proyecto_boot\protected\controllers\SiteController.php(144): SiteController->render()
#12 C:\yii\framework\web\actions\CInlineAction.php(49): SiteController->actionRegistro()
#13 C:\yii\framework\web\CController.php(308): CInlineAction->runWithParams()
#14 C:\yii\framework\web\CController.php(286): SiteController->runAction()
#15 C:\yii\framework\web\CController.php(265): SiteController->runActionWithFilters()
#16 C:\yii\framework\web\CWebApplication.php(282): SiteController->run()
#17 C:\yii\framework\web\CWebApplication.php(141): CWebApplication->runController()
#18 C:\yii\framework\base\CApplication.php(180): CWebApplication->processRequest()
#19 C:\wamp\www\proyecto_boot\index.php(13): CWebApplication->run()
REQUEST_URI=/proyecto_boot/index.php/site/registro
in C:\wamp\www\proyecto_boot\protected\views\site\registro.php (34)
in C:\wamp\www\proyecto_boot\protected\controllers\SiteController.php (144)
in C:\wamp\www\proyecto_boot\index.php (13)
2014/08/05 18:39:35 [error] [php] include(password.php): failed to open stream: No such file or directory (C:\yii\framework\YiiBase.php:427)
Stack trace:
#0 C:\yii\framework\validators\CValidator.php(186): import()
#1 C:\yii\framework\base\CModel.php(287): createValidator()
#2 C:\yii\framework\base\CModel.php(260): ValidarRegistro->createValidators()
#3 C:\yii\framework\web\helpers\CHtml.php(2236): ValidarRegistro->getValidators()
#4 C:\yii\framework\web\helpers\CHtml.php(1434): activeInputField()
#5 C:\yii\framework\web\widgets\CActiveForm.php(725): activeTextField()
#6 C:\wamp\www\proyecto_boot\protected\views\site\registro.php(34): CActiveForm->textField()
#7 C:\yii\framework\web\CBaseController.php(126): require()
#8 C:\yii\framework\web\CBaseController.php(95): SiteController->renderInternal()
#9 C:\yii\framework\web\CController.php(869): SiteController->renderFile()
#10 C:\yii\framework\web\CController.php(782): SiteController->renderPartial()
#11 C:\wamp\www\proyecto_boot\protected\controllers\SiteController.php(144): SiteController->render()
#12 C:\yii\framework\web\actions\CInlineAction.php(49): SiteController->actionRegistro()
#13 C:\yii\framework\web\CController.php(308): CInlineAction->runWithParams()
#14 C:\yii\framework\web\CController.php(286): SiteController->runAction()
#15 C:\yii\framework\web\CController.php(265): SiteController->runActionWithFilters()
#16 C:\yii\framework\web\CWebApplication.php(282): SiteController->run()
#17 C:\yii\framework\web\CWebApplication.php(141): CWebApplication->runController()
#18 C:\yii\framework\base\CApplication.php(180): CWebApplication->processRequest()
#19 C:\wamp\www\proyecto_boot\index.php(13): CWebApplication->run()
REQUEST_URI=/proyecto_boot/index.php/site/registro
in C:\wamp\www\proyecto_boot\protected\views\site\registro.php (34)
in C:\wamp\www\proyecto_boot\protected\controllers\SiteController.php (144)
in C:\wamp\www\proyecto_boot\index.php (13)
2014/08/05 18:39:35 [error] [php] include(password.php): failed to open stream: No such file or directory (C:\yii\framework\YiiBase.php:427)
Stack trace:
#0 C:\yii\framework\validators\CValidator.php(186): import()
#1 C:\yii\framework\base\CModel.php(287): createValidator()
#2 C:\yii\framework\base\CModel.php(260): ValidarRegistro->createValidators()
#3 C:\yii\framework\web\helpers\CHtml.php(2236): ValidarRegistro->getValidators()
#4 C:\yii\framework\web\helpers\CHtml.php(1434): activeInputField()
#5 C:\yii\framework\web\widgets\CActiveForm.php(725): activeTextField()
#6 C:\wamp\www\proyecto_boot\protected\views\site\registro.php(34): CActiveForm->textField()
#7 C:\yii\framework\web\CBaseController.php(126): require()
#8 C:\yii\framework\web\CBaseController.php(95): SiteController->renderInternal()
#9 C:\yii\framework\web\CController.php(869): SiteController->renderFile()
#10 C:\yii\framework\web\CController.php(782): SiteController->renderPartial()
#11 C:\wamp\www\proyecto_boot\protected\controllers\SiteController.php(144): SiteController->render()
#12 C:\yii\framework\web\actions\CInlineAction.php(49): SiteController->actionRegistro()
#13 C:\yii\framework\web\CController.php(308): CInlineAction->runWithParams()
#14 C:\yii\framework\web\CController.php(286): SiteController->runAction()
#15 C:\yii\framework\web\CController.php(265): SiteController->runActionWithFilters()
#16 C:\yii\framework\web\CWebApplication.php(282): SiteController->run()
#17 C:\yii\framework\web\CWebApplication.php(141): CWebApplication->runController()
#18 C:\yii\framework\base\CApplication.php(180): CWebApplication->processRequest()
#19 C:\wamp\www\proyecto_boot\index.php(13): CWebApplication->run()
REQUEST_URI=/proyecto_boot/index.php/site/registro
in C:\wamp\www\proyecto_boot\protected\views\site\registro.php (34)
in C:\wamp\www\proyecto_boot\protected\controllers\SiteController.php (144)
in C:\wamp\www\proyecto_boot\index.php (13)
2014/08/05 18:40:40 [error] [php] include(password.php): failed to open stream: No such file or directory (C:\yii\framework\YiiBase.php:427)
Stack trace:
#0 C:\yii\framework\validators\CValidator.php(186): import()
#1 C:\yii\framework\base\CModel.php(287): createValidator()
#2 C:\yii\framework\base\CModel.php(260): ValidarRegistro->createValidators()
#3 C:\yii\framework\web\helpers\CHtml.php(2236): ValidarRegistro->getValidators()
#4 C:\yii\framework\web\helpers\CHtml.php(1434): activeInputField()
#5 C:\yii\framework\web\widgets\CActiveForm.php(725): activeTextField()
#6 C:\wamp\www\proyecto_boot\protected\views\site\registro.php(34): CActiveForm->textField()
#7 C:\yii\framework\web\CBaseController.php(126): require()
#8 C:\yii\framework\web\CBaseController.php(95): SiteController->renderInternal()
#9 C:\yii\framework\web\CController.php(869): SiteController->renderFile()
#10 C:\yii\framework\web\CController.php(782): SiteController->renderPartial()
#11 C:\wamp\www\proyecto_boot\protected\controllers\SiteController.php(144): SiteController->render()
#12 C:\yii\framework\web\actions\CInlineAction.php(49): SiteController->actionRegistro()
#13 C:\yii\framework\web\CController.php(308): CInlineAction->runWithParams()
#14 C:\yii\framework\web\CController.php(286): SiteController->runAction()
#15 C:\yii\framework\web\CController.php(265): SiteController->runActionWithFilters()
#16 C:\yii\framework\web\CWebApplication.php(282): SiteController->run()
#17 C:\yii\framework\web\CWebApplication.php(141): CWebApplication->runController()
#18 C:\yii\framework\base\CApplication.php(180): CWebApplication->processRequest()
#19 C:\wamp\www\proyecto_boot\index.php(13): CWebApplication->run()
REQUEST_URI=/proyecto_boot/index.php/site/registro
in C:\wamp\www\proyecto_boot\protected\views\site\registro.php (34)
in C:\wamp\www\proyecto_boot\protected\controllers\SiteController.php (144)
in C:\wamp\www\proyecto_boot\index.php (13)
2014/08/05 18:43:15 [error] [exception.CException] exception 'CException' with message 'Property "ValidarRegistro.nombres" is not defined.' in C:\yii\framework\base\CComponent.php:130
Stack trace:
#0 C:\yii\framework\web\helpers\CHtml.php(2529): CComponent->__get('nombres')
#1 C:\yii\framework\web\helpers\CHtml.php(2252): CHtml::resolveValue(Object(ValidarRegistro), 'nombres')
#2 C:\yii\framework\web\helpers\CHtml.php(1434): CHtml::activeInputField('text', Object(ValidarRegistro), 'nombres', Array)
#3 C:\yii\framework\web\widgets\CActiveForm.php(725): CHtml::activeTextField(Object(ValidarRegistro), 'nombres', Array)
#4 C:\wamp\www\proyecto_boot\protected\views\site\registro.php(34): CActiveForm->textField(Object(ValidarRegistro), 'nombres')
#5 C:\yii\framework\web\CBaseController.php(126): require('C:\wamp\www\pro...')
#6 C:\yii\framework\web\CBaseController.php(95): CBaseController->renderInternal('C:\wamp\www\pro...', Array, true)
#7 C:\yii\framework\web\CController.php(869): CBaseController->renderFile('C:\wamp\www\pro...', Array, true)
#8 C:\yii\framework\web\CController.php(782): CController->renderPartial('registro', Array, true)
#9 C:\wamp\www\proyecto_boot\protected\controllers\SiteController.php(144): CController->render('registro', Array)
#10 C:\yii\framework\web\actions\CInlineAction.php(49): SiteController->actionRegistro()
#11 C:\yii\framework\web\CController.php(308): CInlineAction->runWithParams(Array)
#12 C:\yii\framework\web\CController.php(286): CController->runAction(Object(CInlineAction))
#13 C:\yii\framework\web\CController.php(265): CController->runActionWithFilters(Object(CInlineAction), Array)
#14 C:\yii\framework\web\CWebApplication.php(282): CController->run('registro')
#15 C:\yii\framework\web\CWebApplication.php(141): CWebApplication->runController('site/registro')
#16 C:\yii\framework\base\CApplication.php(180): CWebApplication->processRequest()
#17 C:\wamp\www\proyecto_boot\index.php(13): CApplication->run()
#18 {main}
REQUEST_URI=/proyecto_boot/index.php/site/registro
HTTP_REFERER=http://localhost/proyecto_boot/index.php/site/login
---
2014/08/05 19:28:34 [error] [exception.CException] exception 'CException' with message 'Property "LoginForm.Recordarme" is not defined.' in C:\yii\framework\base\CComponent.php:130
Stack trace:
#0 C:\yii\framework\web\helpers\CHtml.php(2529): CComponent->__get('Recordarme')
#1 C:\yii\framework\web\helpers\CHtml.php(1743): CHtml::resolveValue(Object(LoginForm), 'Recordarme')
#2 C:\yii\framework\web\widgets\CActiveForm.php(831): CHtml::activeCheckBox(Object(LoginForm), 'Recordarme', Array)
#3 C:\wamp\www\proyecto_boot\protected\views\site\login.php(43): CActiveForm->checkBox(Object(LoginForm), 'Recordarme')
#4 C:\yii\framework\web\CBaseController.php(126): require('C:\wamp\www\pro...')
#5 C:\yii\framework\web\CBaseController.php(95): CBaseController->renderInternal('C:\wamp\www\pro...', Array, true)
#6 C:\yii\framework\web\CController.php(869): CBaseController->renderFile('C:\wamp\www\pro...', Array, true)
#7 C:\yii\framework\web\CController.php(782): CController->renderPartial('login', Array, true)
#8 C:\wamp\www\proyecto_boot\protected\controllers\SiteController.php(98): CController->render('login', Array)
#9 C:\yii\framework\web\actions\CInlineAction.php(49): SiteController->actionLogin()
#10 C:\yii\framework\web\CController.php(308): CInlineAction->runWithParams(Array)
#11 C:\yii\framework\web\CController.php(286): CController->runAction(Object(CInlineAction))
#12 C:\yii\framework\web\CController.php(265): CController->runActionWithFilters(Object(CInlineAction), Array)
#13 C:\yii\framework\web\CWebApplication.php(282): CController->run('login')
#14 C:\yii\framework\web\CWebApplication.php(141): CWebApplication->runController('site/login')
#15 C:\yii\framework\base\CApplication.php(180): CWebApplication->processRequest()
#16 C:\wamp\www\proyecto_boot\index.php(13): CApplication->run()
#17 {main}
REQUEST_URI=/proyecto_boot/index.php/site/login
HTTP_REFERER=http://localhost/proyecto_boot/index.php/site/registro
---
2014/08/05 19:34:46 [error] [exception.CException] exception 'CException' with message 'Property "CUrlManager.ShowScriptName" is not defined.' in C:\yii\framework\base\CComponent.php:173
Stack trace:
#0 C:\yii\framework\YiiBase.php(220): CComponent->__set('ShowScriptName', false)
#1 C:\yii\framework\base\CModule.php(386): YiiBase::createComponent(Array)
#2 C:\yii\framework\base\CApplication.php(522): CModule->getComponent('urlManager')
#3 C:\yii\framework\web\CWebApplication.php(140): CApplication->getUrlManager()
#4 C:\yii\framework\base\CApplication.php(180): CWebApplication->processRequest()
#5 C:\wamp\www\proyecto_boot\index.php(13): CApplication->run()
#6 {main}
REQUEST_URI=/proyecto_boot/index.php/site/login
HTTP_REFERER=http://localhost/proyecto_boot/index.php
---
2014/08/05 20:08:35 [error] [exception.CException] exception 'CException' with message 'ValidarRegistro has an invalid validation rule. The rule must specify attributes to be validated and the validator name.' in C:\yii\framework\base\CModel.php:289
Stack trace:
#0 C:\yii\framework\base\CModel.php(260): CModel->createValidators()
#1 C:\yii\framework\base\CModel.php(304): CModel->getValidators('nombre')
#2 C:\yii\framework\web\helpers\CHtml.php(1414): CModel->isAttributeRequired('nombre')
#3 C:\yii\framework\web\widgets\CActiveForm.php(597): CHtml::activeLabelEx(Object(ValidarRegistro), 'nombre', Array)
#4 C:\wamp\www\proyecto_boot\protected\views\site\registro.php(33): CActiveForm->labelEx(Object(ValidarRegistro), 'nombre')
#5 C:\yii\framework\web\CBaseController.php(126): require('C:\wamp\www\pro...')
#6 C:\yii\framework\web\CBaseController.php(95): CBaseController->renderInternal('C:\wamp\www\pro...', Array, true)
#7 C:\yii\framework\web\CController.php(869): CBaseController->renderFile('C:\wamp\www\pro...', Array, true)
#8 C:\yii\framework\web\CController.php(782): CController->renderPartial('registro', Array, true)
#9 C:\wamp\www\proyecto_boot\protected\controllers\SiteController.php(132): CController->render('registro', Array)
#10 C:\yii\framework\web\actions\CInlineAction.php(49): SiteController->actionRegistro()
#11 C:\yii\framework\web\CController.php(308): CInlineAction->runWithParams(Array)
#12 C:\yii\framework\web\CController.php(286): CController->runAction(Object(CInlineAction))
#13 C:\yii\framework\web\CController.php(265): CController->runActionWithFilters(Object(CInlineAction), Array)
#14 C:\yii\framework\web\CWebApplication.php(282): CController->run('registro')
#15 C:\yii\framework\web\CWebApplication.php(141): CWebApplication->runController('site/registro')
#16 C:\yii\framework\base\CApplication.php(180): CWebApplication->processRequest()
#17 C:\wamp\www\proyecto_boot\index.php(13): CApplication->run()
#18 {main}
REQUEST_URI=/proyecto_boot/site/registro
HTTP_REFERER=http://localhost/proyecto_boot/
---
2014/08/05 20:10:28 [error] [php] Undefined variable: fila (C:\wamp\www\proyecto_boot\protected\models\ValidarRegistro.php:61)
Stack trace:
#0 C:\yii\framework\base\CModel.php(159): CInlineValidator->validate()
#1 C:\yii\framework\web\widgets\CActiveForm.php(920): ValidarRegistro->validate()
#2 C:\wamp\www\proyecto_boot\protected\controllers\SiteController.php(117): validate()
#3 C:\yii\framework\web\actions\CInlineAction.php(49): SiteController->actionRegistro()
#4 C:\yii\framework\web\CController.php(308): CInlineAction->runWithParams()
#5 C:\yii\framework\web\CController.php(286): SiteController->runAction()
#6 C:\yii\framework\web\CController.php(265): SiteController->runActionWithFilters()
#7 C:\yii\framework\web\CWebApplication.php(282): SiteController->run()
#8 C:\yii\framework\web\CWebApplication.php(141): CWebApplication->runController()
#9 C:\yii\framework\base\CApplication.php(180): CWebApplication->processRequest()
#10 C:\wamp\www\proyecto_boot\index.php(13): CWebApplication->run()
REQUEST_URI=/proyecto_boot/site/registro
in C:\wamp\www\proyecto_boot\protected\models\ValidarRegistro.php (61)
in C:\wamp\www\proyecto_boot\protected\controllers\SiteController.php (117)
in C:\wamp\www\proyecto_boot\index.php (13)
2014/08/05 20:10:29 [error] [php] Undefined variable: fila (C:\wamp\www\proyecto_boot\protected\models\ValidarRegistro.php:61)
Stack trace:
#0 C:\yii\framework\base\CModel.php(159): CInlineValidator->validate()
#1 C:\yii\framework\web\widgets\CActiveForm.php(920): ValidarRegistro->validate()
#2 C:\wamp\www\proyecto_boot\protected\controllers\SiteController.php(117): validate()
#3 C:\yii\framework\web\actions\CInlineAction.php(49): SiteController->actionRegistro()
#4 C:\yii\framework\web\CController.php(308): CInlineAction->runWithParams()
#5 C:\yii\framework\web\CController.php(286): SiteController->runAction()
#6 C:\yii\framework\web\CController.php(265): SiteController->runActionWithFilters()
#7 C:\yii\framework\web\CWebApplication.php(282): SiteController->run()
#8 C:\yii\framework\web\CWebApplication.php(141): CWebApplication->runController()
#9 C:\yii\framework\base\CApplication.php(180): CWebApplication->processRequest()
#10 C:\wamp\www\proyecto_boot\index.php(13): CWebApplication->run()
REQUEST_URI=/proyecto_boot/site/registro
in C:\wamp\www\proyecto_boot\protected\models\ValidarRegistro.php (61)
in C:\wamp\www\proyecto_boot\protected\controllers\SiteController.php (117)
in C:\wamp\www\proyecto_boot\index.php (13)
2014/08/05 20:10:32 [error] [php] Undefined variable: fila (C:\wamp\www\proyecto_boot\protected\models\ValidarRegistro.php:61)
Stack trace:
#0 C:\yii\framework\base\CModel.php(159): CInlineValidator->validate()
#1 C:\yii\framework\web\widgets\CActiveForm.php(920): ValidarRegistro->validate()
#2 C:\wamp\www\proyecto_boot\protected\controllers\SiteController.php(117): validate()
#3 C:\yii\framework\web\actions\CInlineAction.php(49): SiteController->actionRegistro()
#4 C:\yii\framework\web\CController.php(308): CInlineAction->runWithParams()
#5 C:\yii\framework\web\CController.php(286): SiteController->runAction()
#6 C:\yii\framework\web\CController.php(265): SiteController->runActionWithFilters()
#7 C:\yii\framework\web\CWebApplication.php(282): SiteController->run()
#8 C:\yii\framework\web\CWebApplication.php(141): CWebApplication->runController()
#9 C:\yii\framework\base\CApplication.php(180): CWebApplication->processRequest()
#10 C:\wamp\www\proyecto_boot\index.php(13): CWebApplication->run()
REQUEST_URI=/proyecto_boot/site/registro
in C:\wamp\www\proyecto_boot\protected\models\ValidarRegistro.php (61)
in C:\wamp\www\proyecto_boot\protected\controllers\SiteController.php (117)
in C:\wamp\www\proyecto_boot\index.php (13)
2014/08/05 20:10:32 [error] [php] Undefined variable: fila (C:\wamp\www\proyecto_boot\protected\models\ValidarRegistro.php:61)
Stack trace:
#0 C:\yii\framework\base\CModel.php(159): CInlineValidator->validate()
#1 C:\yii\framework\web\widgets\CActiveForm.php(920): ValidarRegistro->validate()
#2 C:\wamp\www\proyecto_boot\protected\controllers\SiteController.php(117): validate()
#3 C:\yii\framework\web\actions\CInlineAction.php(49): SiteController->actionRegistro()
#4 C:\yii\framework\web\CController.php(308): CInlineAction->runWithParams()
#5 C:\yii\framework\web\CController.php(286): SiteController->runAction()
#6 C:\yii\framework\web\CController.php(265): SiteController->runActionWithFilters()
#7 C:\yii\framework\web\CWebApplication.php(282): SiteController->run()
#8 C:\yii\framework\web\CWebApplication.php(141): CWebApplication->runController()
#9 C:\yii\framework\base\CApplication.php(180): CWebApplication->processRequest()
#10 C:\wamp\www\proyecto_boot\index.php(13): CWebApplication->run()
REQUEST_URI=/proyecto_boot/site/registro
in C:\wamp\www\proyecto_boot\protected\models\ValidarRegistro.php (61)
in C:\wamp\www\proyecto_boot\protected\controllers\SiteController.php (117)
in C:\wamp\www\proyecto_boot\index.php (13)
2014/08/05 20:10:32 [error] [php] Undefined variable: fila (C:\wamp\www\proyecto_boot\protected\models\ValidarRegistro.php:61)
Stack trace:
#0 C:\yii\framework\base\CModel.php(159): CInlineValidator->validate()
#1 C:\yii\framework\web\widgets\CActiveForm.php(920): ValidarRegistro->validate()
#2 C:\wamp\www\proyecto_boot\protected\controllers\SiteController.php(117): validate()
#3 C:\yii\framework\web\actions\CInlineAction.php(49): SiteController->actionRegistro()
#4 C:\yii\framework\web\CController.php(308): CInlineAction->runWithParams()
#5 C:\yii\framework\web\CController.php(286): SiteController->runAction()
#6 C:\yii\framework\web\CController.php(265): SiteController->runActionWithFilters()
#7 C:\yii\framework\web\CWebApplication.php(282): SiteController->run()
#8 C:\yii\framework\web\CWebApplication.php(141): CWebApplication->runController()
#9 C:\yii\framework\base\CApplication.php(180): CWebApplication->processRequest()
#10 C:\wamp\www\proyecto_boot\index.php(13): CWebApplication->run()
REQUEST_URI=/proyecto_boot/site/registro
in C:\wamp\www\proyecto_boot\protected\models\ValidarRegistro.php (61)
in C:\wamp\www\proyecto_boot\protected\controllers\SiteController.php (117)
in C:\wamp\www\proyecto_boot\index.php (13)
2014/08/05 20:10:33 [error] [php] Undefined variable: fila (C:\wamp\www\proyecto_boot\protected\models\ValidarRegistro.php:61)
Stack trace:
#0 C:\yii\framework\base\CModel.php(159): CInlineValidator->validate()
#1 C:\yii\framework\web\widgets\CActiveForm.php(920): ValidarRegistro->validate()
#2 C:\wamp\www\proyecto_boot\protected\controllers\SiteController.php(117): validate()
#3 C:\yii\framework\web\actions\CInlineAction.php(49): SiteController->actionRegistro()
#4 C:\yii\framework\web\CController.php(308): CInlineAction->runWithParams()
#5 C:\yii\framework\web\CController.php(286): SiteController->runAction()
#6 C:\yii\framework\web\CController.php(265): SiteController->runActionWithFilters()
#7 C:\yii\framework\web\CWebApplication.php(282): SiteController->run()
#8 C:\yii\framework\web\CWebApplication.php(141): CWebApplication->runController()
#9 C:\yii\framework\base\CApplication.php(180): CWebApplication->processRequest()
#10 C:\wamp\www\proyecto_boot\index.php(13): CWebApplication->run()
REQUEST_URI=/proyecto_boot/site/registro
in C:\wamp\www\proyecto_boot\protected\models\ValidarRegistro.php (61)
in C:\wamp\www\proyecto_boot\protected\controllers\SiteController.php (117)
in C:\wamp\www\proyecto_boot\index.php (13)
2014/08/05 20:37:47 [error] [php] Undefined variable: mensaje (C:\wamp\www\proyecto_boot\protected\views\site\registro.php:17)
Stack trace:
#0 C:\yii\framework\web\CController.php(869): SiteController->renderFile()
#1 C:\yii\framework\web\CController.php(782): SiteController->renderPartial()
#2 C:\wamp\www\proyecto_boot\protected\controllers\SiteController.php(142): SiteController->render()
#3 C:\yii\framework\web\actions\CInlineAction.php(49): SiteController->actionRegistro()
#4 C:\yii\framework\web\CController.php(308): CInlineAction->runWithParams()
#5 C:\yii\framework\web\CController.php(286): SiteController->runAction()
#6 C:\yii\framework\web\CController.php(265): SiteController->runActionWithFilters()
#7 C:\yii\framework\web\CWebApplication.php(282): SiteController->run()
#8 C:\yii\framework\web\CWebApplication.php(141): CWebApplication->runController()
#9 C:\yii\framework\base\CApplication.php(180): CWebApplication->processRequest()
#10 C:\wamp\www\proyecto_boot\index.php(13): CWebApplication->run()
REQUEST_URI=/proyecto_boot/site/registro
in C:\wamp\www\proyecto_boot\protected\views\site\registro.php (17)
in C:\wamp\www\proyecto_boot\protected\controllers\SiteController.php (142)
in C:\wamp\www\proyecto_boot\index.php (13)
2014/08/05 21:39:16 [error] [php] Undefined variable: to (C:\wamp\www\proyecto_boot\protected\controllers\SiteController.php:144)
Stack trace:
#0 C:\yii\framework\web\CController.php(286): SiteController->runAction()
#1 C:\yii\framework\web\CController.php(265): SiteController->runActionWithFilters()
#2 C:\yii\framework\web\CWebApplication.php(282): SiteController->run()
#3 C:\yii\framework\web\CWebApplication.php(141): CWebApplication->runController()
#4 C:\yii\framework\base\CApplication.php(180): CWebApplication->processRequest()
#5 C:\wamp\www\proyecto_boot\index.php(13): CWebApplication->run()
REQUEST_URI=/proyecto_boot/site/registro
in C:\wamp\www\proyecto_boot\protected\controllers\SiteController.php (144)
in C:\wamp\www\proyecto_boot\index.php (13)
2014/08/05 21:42:19 [error] [php] include(Enviar_Email.php): failed to open stream: No such file or directory (C:\yii\framework\YiiBase.php:427)
Stack trace:
#0 C:\wamp\www\proyecto_boot\protected\controllers\SiteController.php(142): spl_autoload_call()
#1 C:\yii\framework\web\actions\CInlineAction.php(49): SiteController->actionRegistro()
#2 C:\yii\framework\web\CController.php(308): CInlineAction->runWithParams()
#3 C:\yii\framework\web\CController.php(286): SiteController->runAction()
#4 C:\yii\framework\web\CController.php(265): SiteController->runActionWithFilters()
#5 C:\yii\framework\web\CWebApplication.php(282): SiteController->run()
#6 C:\yii\framework\web\CWebApplication.php(141): CWebApplication->runController()
#7 C:\yii\framework\base\CApplication.php(180): CWebApplication->processRequest()
#8 C:\wamp\www\proyecto_boot\index.php(13): CWebApplication->run()
REQUEST_URI=/proyecto_boot/site/registro
in C:\wamp\www\proyecto_boot\protected\controllers\SiteController.php (142)
in C:\wamp\www\proyecto_boot\index.php (13)
2014/08/05 21:42:45 [error] [exception.CHttpException.404] exception 'CHttpException' with message 'The system is unable to find the requested action "registro&username=".' in C:\yii\framework\web\CController.php:483
Stack trace:
#0 C:\yii\framework\web\CController.php(270): CController->missingAction('registro&userna...')
#1 C:\yii\framework\web\CWebApplication.php(282): CController->run('registro&userna...')
#2 C:\yii\framework\web\CWebApplication.php(141): CWebApplication->runController('site/registro&u...')
#3 C:\yii\framework\base\CApplication.php(180): CWebApplication->processRequest()
#4 C:\wamp\www\proyecto_boot\index.php(13): CApplication->run()
#5 {main}
REQUEST_URI=/proyecto_boot/site/registro&username=
---
2014/08/05 21:43:18 [error] [php] include(Enviar_Email.php): failed to open stream: No such file or directory (C:\yii\framework\YiiBase.php:427)
Stack trace:
#0 C:\wamp\www\proyecto_boot\protected\controllers\SiteController.php(142): spl_autoload_call()
#1 C:\yii\framework\web\actions\CInlineAction.php(49): SiteController->actionRegistro()
#2 C:\yii\framework\web\CController.php(308): CInlineAction->runWithParams()
#3 C:\yii\framework\web\CController.php(286): SiteController->runAction()
#4 C:\yii\framework\web\CController.php(265): SiteController->runActionWithFilters()
#5 C:\yii\framework\web\CWebApplication.php(282): SiteController->run()
#6 C:\yii\framework\web\CWebApplication.php(141): CWebApplication->runController()
#7 C:\yii\framework\base\CApplication.php(180): CWebApplication->processRequest()
#8 C:\wamp\www\proyecto_boot\index.php(13): CWebApplication->run()
REQUEST_URI=/proyecto_boot/site/registro
in C:\wamp\www\proyecto_boot\protected\controllers\SiteController.php (142)
in C:\wamp\www\proyecto_boot\index.php (13)
2014/08/05 21:44:07 [error] [php] include(Enviar_Email.php): failed to open stream: No such file or directory (C:\yii\framework\YiiBase.php:427)
Stack trace:
#0 C:\wamp\www\proyecto_boot\protected\controllers\SiteController.php(142): spl_autoload_call()
#1 C:\yii\framework\web\actions\CInlineAction.php(49): SiteController->actionRegistro()
#2 C:\yii\framework\web\CController.php(308): CInlineAction->runWithParams()
#3 C:\yii\framework\web\CController.php(286): SiteController->runAction()
#4 C:\yii\framework\web\CController.php(265): SiteController->runActionWithFilters()
#5 C:\yii\framework\web\CWebApplication.php(282): SiteController->run()
#6 C:\yii\framework\web\CWebApplication.php(141): CWebApplication->runController()
#7 C:\yii\framework\base\CApplication.php(180): CWebApplication->processRequest()
#8 C:\wamp\www\proyecto_boot\index.php(13): CWebApplication->run()
REQUEST_URI=/proyecto_boot/site/registro
in C:\wamp\www\proyecto_boot\protected\controllers\SiteController.php (142)
in C:\wamp\www\proyecto_boot\index.php (13)
